<?xml version="1.0" encoding="UTF-8"?>
<coverage generated="1461050082700" clover="3.2.0">
	<project timestamp="1461050082700"  name="All Files" >
		<metrics statements="282"  coveredstatements="207"  conditionals="189"  coveredconditionals="118"  methods="85"  coveredmethods="58"  elements="556"  coveredelements="383"  complexity="0"  packages="6"  files="15"  classes="15"  loc="815"  ncloc="815" />
		<package name="Checkbox" >
			<metrics statements="40"  coveredstatements="21"  conditionals="32"  coveredconditionals="15"  methods="12"  coveredmethods="5" />
			<file name="Checkbox.jsx"  path="/Users/jianghai/Desktop/projects/bfd-ui/src/Checkbox/Checkbox.jsx" >
				<metrics statements="15"  coveredstatements="10"  conditionals="10"  coveredconditionals="6"  methods="3"  coveredmethods="2" />
				<line num="1"  count="4"  type="cond"  truecount="4"  falsecount="0" />
				<line num="5"  count="1"  type="stmt" />
				<line num="9"  count="1"  type="stmt" />
				<line num="14"  count="1"  type="stmt" />
				<line num="16"  count="8"  type="stmt" />
				<line num="17"  count="8"  type="stmt" />
				<line num="19"  count="8"  type="cond"  truecount="1"  falsecount="1" />
				<line num="22"  count="0"  type="stmt" />
				<line num="23"  count="0"  type="cond"  truecount="0"  falsecount="2" />
				<line num="24"  count="0"  type="stmt" />
				<line num="27"  count="0"  type="stmt" />
				<line num="28"  count="0"  type="stmt" />
				<line num="32"  count="8"  type="stmt" />
				<line num="44"  count="1"  type="stmt" />
				<line num="45"  count="1"  type="stmt" />
			</file>
			<file name="CheckboxGroup.jsx"  path="/Users/jianghai/Desktop/projects/bfd-ui/src/Checkbox/CheckboxGroup.jsx" >
				<metrics statements="23"  coveredstatements="9"  conditionals="18"  coveredconditionals="6"  methods="8"  coveredmethods="2" />
				<line num="1"  count="2"  type="cond"  truecount="4"  falsecount="0" />
				<line num="5"  count="1"  type="stmt" />
				<line num="9"  count="0"  type="cond"  truecount="0"  falsecount="4" />
				<line num="10"  count="0"  type="stmt" />
				<line num="15"  count="1"  type="stmt" />
				<line num="20"  count="1"  type="stmt" />
				<line num="23"  count="0"  type="stmt" />
				<line num="29"  count="0"  type="cond"  truecount="0"  falsecount="2" />
				<line num="32"  count="0"  type="stmt" />
				<line num="33"  count="0"  type="stmt" />
				<line num="36"  count="0"  type="stmt" />
				<line num="37"  count="0"  type="cond"  truecount="0"  falsecount="2" />
				<line num="38"  count="0"  type="stmt" />
				<line num="40"  count="0"  type="stmt" />
				<line num="42"  count="0"  type="cond"  truecount="0"  falsecount="2" />
				<line num="47"  count="0"  type="stmt" />
				<line num="48"  count="0"  type="stmt" />
				<line num="49"  count="1"  type="cond"  truecount="2"  falsecount="0" />
				<line num="51"  count="1"  type="stmt" />
				<line num="53"  count="1"  type="stmt" />
				<line num="55"  count="0"  type="stmt" />
				<line num="59"  count="1"  type="stmt" />
				<line num="60"  count="1"  type="stmt" />
			</file>
			<file name="index.jsx"  path="/Users/jianghai/Desktop/projects/bfd-ui/src/Checkbox/index.jsx" >
				<metrics statements="2"  coveredstatements="2"  conditionals="4"  coveredconditionals="3"  methods="1"  coveredmethods="1" />
				<line num="1"  count="2"  type="cond"  truecount="3"  falsecount="1" />
				<line num="4"  count="1"  type="stmt" />
			</file>
		</package>
		<package name="ClearableInput" >
			<metrics statements="18"  coveredstatements="17"  conditionals="22"  coveredconditionals="18"  methods="6"  coveredmethods="6" />
			<file name="index.jsx"  path="/Users/jianghai/Desktop/projects/bfd-ui/src/ClearableInput/index.jsx" >
				<metrics statements="18"  coveredstatements="17"  conditionals="22"  coveredconditionals="18"  methods="6"  coveredmethods="6" />
				<line num="1"  count="4"  type="cond"  truecount="4"  falsecount="0" />
				<line num="5"  count="1"  type="stmt" />
				<line num="11"  count="18"  type="stmt" />
				<line num="12"  count="18"  type="cond"  truecount="1"  falsecount="3" />
				<line num="13"  count="0"  type="stmt" />
				<line num="18"  count="1"  type="stmt" />
				<line num="21"  count="9"  type="stmt" />
				<line num="27"  count="1"  type="cond"  truecount="1"  falsecount="1" />
				<line num="28"  count="1"  type="cond"  truecount="2"  falsecount="0" />
				<line num="32"  count="1"  type="stmt" />
				<line num="33"  count="1"  type="stmt" />
				<line num="34"  count="1"  type="cond"  truecount="2"  falsecount="0" />
				<line num="35"  count="1"  type="cond"  truecount="2"  falsecount="0" />
				<line num="38"  count="10"  type="stmt" />
				<line num="39"  count="10"  type="stmt" />
				<line num="40"  count="10"  type="cond"  truecount="2"  falsecount="0" />
				<line num="41"  count="10"  type="stmt" />
				<line num="50"  count="1"  type="stmt" />
			</file>
		</package>
		<package name="DatePicker" >
			<metrics statements="80"  coveredstatements="59"  conditionals="49"  coveredconditionals="26"  methods="19"  coveredmethods="14" />
			<file name="Calendar.jsx"  path="/Users/jianghai/Desktop/projects/bfd-ui/src/DatePicker/Calendar.jsx" >
				<metrics statements="59"  coveredstatements="45"  conditionals="29"  coveredconditionals="17"  methods="13"  coveredmethods="10" />
				<line num="1"  count="4"  type="cond"  truecount="4"  falsecount="0" />
				<line num="10"  count="1"  type="stmt" />
				<line num="24"  count="3"  type="cond"  truecount="1"  falsecount="1" />
				<line num="25"  count="3"  type="stmt" />
				<line num="26"  count="3"  type="stmt" />
				<line num="27"  count="3"  type="stmt" />
				<line num="28"  count="3"  type="stmt" />
				<line num="47"  count="0"  type="stmt" />
				<line num="48"  count="0"  type="cond"  truecount="0"  falsecount="2" />
				<line num="49"  count="0"  type="stmt" />
				<line num="50"  count="0"  type="stmt" />
				<line num="54"  count="0"  type="stmt" />
				<line num="55"  count="0"  type="stmt" />
				<line num="62"  count="0"  type="stmt" />
				<line num="63"  count="0"  type="stmt" />
				<line num="64"  count="0"  type="stmt" />
				<line num="71"  count="0"  type="cond"  truecount="0"  falsecount="2" />
				<line num="75"  count="3"  type="cond"  truecount="1"  falsecount="1" />
				<line num="76"  count="3"  type="cond"  truecount="1"  falsecount="1" />
				<line num="77"  count="3"  type="cond"  truecount="3"  falsecount="1" />
				<line num="78"  count="0"  type="stmt" />
				<line num="79"  count="0"  type="stmt" />
				<line num="80"  count="0"  type="cond"  truecount="0"  falsecount="2" />
				<line num="83"  count="105"  type="stmt" />
				<line num="91"  count="105"  type="stmt" />
				<line num="93"  count="105"  type="stmt" />
				<line num="94"  count="105"  type="cond"  truecount="2"  falsecount="0" />
				<line num="96"  count="1"  type="stmt" />
				<line num="97"  count="1"  type="stmt" />
				<line num="100"  count="105"  type="stmt" />
				<line num="101"  count="105"  type="stmt" />
				<line num="103"  count="105"  type="stmt" />
				<line num="117"  count="3"  type="stmt" />
				<line num="118"  count="3"  type="stmt" />
				<line num="121"  count="3"  type="stmt" />
				<line num="122"  count="3"  type="stmt" />
				<line num="123"  count="3"  type="cond"  truecount="1"  falsecount="1" />
				<line num="124"  count="3"  type="stmt" />
				<line num="125"  count="3"  type="stmt" />
				<line num="126"  count="3"  type="stmt" />
				<line num="127"  count="15"  type="stmt" />
				<line num="137"  count="3"  type="stmt" />
				<line num="138"  count="3"  type="stmt" />
				<line num="139"  count="3"  type="stmt" />
				<line num="140"  count="90"  type="stmt" />
				<line num="148"  count="3"  type="stmt" />
				<line num="149"  count="3"  type="stmt" />
				<line num="150"  count="3"  type="stmt" />
				<line num="151"  count="0"  type="stmt" />
				<line num="158"  count="3"  type="stmt" />
				<line num="161"  count="3"  type="stmt" />
				<line num="162"  count="3"  type="stmt" />
				<line num="163"  count="3"  type="stmt" />
				<line num="164"  count="3"  type="stmt" />
				<line num="179"  count="21"  type="stmt" />
				<line num="183"  count="15"  type="stmt" />
				<line num="185"  count="105"  type="stmt" />
				<line num="186"  count="105"  type="stmt" />
				<line num="187"  count="105"  type="stmt" />
			</file>
			<file name="DatePicker.jsx"  path="/Users/jianghai/Desktop/projects/bfd-ui/src/DatePicker/DatePicker.jsx" >
				<metrics statements="16"  coveredstatements="12"  conditionals="16"  coveredconditionals="9"  methods="5"  coveredmethods="4" />
				<line num="1"  count="5"  type="cond"  truecount="4"  falsecount="0" />
				<line num="8"  count="1"  type="stmt" />
				<line num="10"  count="1"  type="stmt" />
				<line num="15"  count="6"  type="stmt" />
				<line num="16"  count="6"  type="cond"  truecount="2"  falsecount="2" />
				<line num="17"  count="0"  type="stmt" />
				<line num="22"  count="1"  type="stmt" />
				<line num="25"  count="3"  type="cond"  truecount="1"  falsecount="1" />
				<line num="31"  count="0"  type="cond"  truecount="0"  falsecount="2" />
				<line num="32"  count="0"  type="stmt" />
				<line num="33"  count="0"  type="cond"  truecount="0"  falsecount="2" />
				<line num="36"  count="3"  type="stmt" />
				<line num="37"  count="3"  type="stmt" />
				<line num="38"  count="3"  type="cond"  truecount="2"  falsecount="0" />
				<line num="39"  count="3"  type="stmt" />
				<line num="52"  count="1"  type="stmt" />
			</file>
			<file name="getTimestrap.js"  path="/Users/jianghai/Desktop/projects/bfd-ui/src/DatePicker/getTimestrap.js" >
				<metrics statements="5"  coveredstatements="2"  conditionals="4"  coveredconditionals="0"  methods="1"  coveredmethods="0" />
				<line num="1"  count="1"  type="stmt" />
				<line num="3"  count="1"  type="stmt" />
				<line num="5"  count="0"  type="cond"  truecount="0"  falsecount="2" />
				<line num="6"  count="0"  type="cond"  truecount="0"  falsecount="2" />
				<line num="7"  count="0"  type="stmt" />
			</file>
		</package>
		<package name="Dropdown" >
			<metrics statements="37"  coveredstatements="24"  conditionals="24"  coveredconditionals="13"  methods="17"  coveredmethods="10" />
			<file name="Dropdown.jsx"  path="/Users/jianghai/Desktop/projects/bfd-ui/src/Dropdown/Dropdown.jsx" >
				<metrics statements="26"  coveredstatements="13"  conditionals="12"  coveredconditionals="4"  methods="12"  coveredmethods="5" />
				<line num="1"  count="4"  type="cond"  truecount="4"  falsecount="0" />
				<line num="7"  count="1"  type="stmt" />
				<line num="11"  count="1"  type="stmt" />
				<line num="15"  count="1"  type="stmt" />
				<line num="21"  count="3"  type="stmt" />
				<line num="27"  count="3"  type="stmt" />
				<line num="33"  count="0"  type="stmt" />
				<line num="37"  count="0"  type="stmt" />
				<line num="40"  count="0"  type="stmt" />
				<line num="41"  count="0"  type="cond"  truecount="0"  falsecount="2" />
				<line num="42"  count="0"  type="cond"  truecount="0"  falsecount="2" />
				<line num="43"  count="0"  type="cond"  truecount="0"  falsecount="2" />
				<line num="44"  count="0"  type="stmt" />
				<line num="45"  count="0"  type="cond"  truecount="0"  falsecount="2" />
				<line num="47"  count="0"  type="stmt" />
				<line num="54"  count="0"  type="stmt" />
				<line num="58"  count="0"  type="stmt" />
				<line num="62"  count="3"  type="stmt" />
				<line num="63"  count="3"  type="stmt" />
				<line num="67"  count="0"  type="stmt" />
				<line num="68"  count="0"  type="stmt" />
				<line num="71"  count="3"  type="stmt" />
				<line num="72"  count="3"  type="stmt" />
				<line num="73"  count="3"  type="stmt" />
				<line num="79"  count="1"  type="stmt" />
				<line num="80"  count="1"  type="stmt" />
			</file>
			<file name="DropdownMenu.jsx"  path="/Users/jianghai/Desktop/projects/bfd-ui/src/Dropdown/DropdownMenu.jsx" >
				<metrics statements="4"  coveredstatements="4"  conditionals="4"  coveredconditionals="3"  methods="2"  coveredmethods="2" />
				<line num="1"  count="1"  type="cond"  truecount="3"  falsecount="1" />
				<line num="7"  count="1"  type="stmt" />
				<line num="8"  count="3"  type="stmt" />
				<line num="10"  count="1"  type="stmt" />
			</file>
			<file name="DropdownToggle.jsx"  path="/Users/jianghai/Desktop/projects/bfd-ui/src/Dropdown/DropdownToggle.jsx" >
				<metrics statements="5"  coveredstatements="5"  conditionals="4"  coveredconditionals="3"  methods="2"  coveredmethods="2" />
				<line num="1"  count="1"  type="cond"  truecount="3"  falsecount="1" />
				<line num="6"  count="1"  type="stmt" />
				<line num="10"  count="1"  type="stmt" />
				<line num="11"  count="3"  type="stmt" />
				<line num="14"  count="1"  type="stmt" />
			</file>
			<file name="index.jsx"  path="/Users/jianghai/Desktop/projects/bfd-ui/src/Dropdown/index.jsx" >
				<metrics statements="2"  coveredstatements="2"  conditionals="4"  coveredconditionals="3"  methods="1"  coveredmethods="1" />
				<line num="1"  count="3"  type="cond"  truecount="3"  falsecount="1" />
				<line num="5"  count="1"  type="stmt" />
			</file>
		</package>
		<package name="Modal" >
			<metrics statements="38"  coveredstatements="19"  conditionals="18"  coveredconditionals="5"  methods="12"  coveredmethods="5" />
			<file name="Modal.jsx"  path="/Users/jianghai/Desktop/projects/bfd-ui/src/Modal/Modal.jsx" >
				<metrics statements="38"  coveredstatements="19"  conditionals="18"  coveredconditionals="5"  methods="12"  coveredmethods="5" />
				<line num="1"  count="5"  type="cond"  truecount="4"  falsecount="0" />
				<line num="10"  count="1"  type="stmt" />
				<line num="11"  count="1"  type="stmt" />
				<line num="12"  count="1"  type="stmt" />
				<line num="14"  count="1"  type="stmt" />
				<line num="15"  count="1"  type="stmt" />
				<line num="16"  count="1"  type="stmt" />
				<line num="17"  count="1"  type="stmt" />
				<line num="19"  count="1"  type="stmt" />
				<line num="23"  count="1"  type="stmt" />
				<line num="28"  count="1"  type="stmt" />
				<line num="35"  count="1"  type="stmt" />
				<line num="37"  count="3"  type="stmt" />
				<line num="43"  count="3"  type="stmt" />
				<line num="49"  count="0"  type="cond"  truecount="0"  falsecount="2" />
				<line num="52"  count="0"  type="stmt" />
				<line num="53"  count="0"  type="stmt" />
				<line num="54"  count="0"  type="stmt" />
				<line num="55"  count="0"  type="cond"  truecount="0"  falsecount="2" />
				<line num="57"  count="0"  type="cond"  truecount="0"  falsecount="2" />
				<line num="58"  count="0"  type="cond"  truecount="0"  falsecount="2" />
				<line num="59"  count="0"  type="stmt" />
				<line num="60"  count="0"  type="stmt" />
				<line num="62"  count="0"  type="stmt" />
				<line num="63"  count="0"  type="stmt" />
				<line num="64"  count="0"  type="cond"  truecount="0"  falsecount="2" />
				<line num="65"  count="0"  type="stmt" />
				<line num="67"  count="0"  type="stmt" />
				<line num="74"  count="0"  type="stmt" />
				<line num="78"  count="0"  type="stmt" />
				<line num="82"  count="0"  type="stmt" />
				<line num="86"  count="0"  type="stmt" />
				<line num="87"  count="0"  type="cond"  truecount="0"  falsecount="2" />
				<line num="90"  count="3"  type="stmt" />
				<line num="91"  count="3"  type="stmt" />
				<line num="92"  count="3"  type="stmt" />
				<line num="111"  count="1"  type="stmt" />
				<line num="112"  count="1"  type="stmt" />
			</file>
		</package>
		<package name="Tree" >
			<metrics statements="69"  coveredstatements="67"  conditionals="44"  coveredconditionals="41"  methods="19"  coveredmethods="18" />
			<file name="SelectTree.jsx"  path="/Users/jianghai/Desktop/projects/bfd-ui/src/Tree/SelectTree.jsx" >
				<metrics statements="33"  coveredstatements="31"  conditionals="10"  coveredconditionals="8"  methods="8"  coveredmethods="7" />
				<line num="1"  count="6"  type="cond"  truecount="4"  falsecount="0" />
				<line num="8"  count="1"  type="stmt" />
				<line num="13"  count="1"  type="stmt" />
				<line num="17"  count="1"  type="stmt" />
				<line num="19"  count="1"  type="stmt" />
				<line num="20"  count="1"  type="stmt" />
				<line num="21"  count="1"  type="stmt" />
				<line num="25"  count="1"  type="stmt" />
				<line num="26"  count="1"  type="stmt" />
				<line num="28"  count="1"  type="stmt" />
				<line num="32"  count="1"  type="stmt" />
				<line num="33"  count="1"  type="cond"  truecount="1"  falsecount="1" />
				<line num="34"  count="0"  type="stmt" />
				<line num="37"  count="0"  type="stmt" />
				<line num="44"  count="1"  type="cond"  truecount="1"  falsecount="1" />
				<line num="46"  count="1"  type="stmt" />
				<line num="47"  count="1"  type="stmt" />
				<line num="48"  count="1"  type="stmt" />
				<line num="49"  count="1"  type="stmt" />
				<line num="50"  count="1"  type="stmt" />
				<line num="51"  count="1"  type="stmt" />
				<line num="56"  count="1"  type="stmt" />
				<line num="60"  count="1"  type="stmt" />
				<line num="61"  count="1"  type="stmt" />
				<line num="62"  count="1"  type="stmt" />
				<line num="63"  count="1"  type="stmt" />
				<line num="68"  count="6"  type="stmt" />
				<line num="69"  count="6"  type="stmt" />
				<line num="70"  count="8"  type="stmt" />
				<line num="71"  count="8"  type="stmt" />
				<line num="72"  count="8"  type="stmt" />
				<line num="76"  count="6"  type="stmt" />
				<line num="80"  count="1"  type="stmt" />
			</file>
			<file name="Tree.jsx"  path="/Users/jianghai/Desktop/projects/bfd-ui/src/Tree/Tree.jsx" >
				<metrics statements="17"  coveredstatements="17"  conditionals="10"  coveredconditionals="10"  methods="5"  coveredmethods="5" />
				<line num="1"  count="12"  type="cond"  truecount="4"  falsecount="0" />
				<line num="7"  count="2"  type="stmt" />
				<line num="12"  count="2"  type="stmt" />
				<line num="14"  count="1"  type="stmt" />
				<line num="15"  count="1"  type="stmt" />
				<line num="16"  count="1"  type="stmt" />
				<line num="17"  count="1"  type="stmt" />
				<line num="20"  count="1"  type="cond"  truecount="2"  falsecount="0" />
				<line num="23"  count="28"  type="stmt" />
				<line num="24"  count="28"  type="cond"  truecount="4"  falsecount="0" />
				<line num="25"  count="11"  type="stmt" />
				<line num="28"  count="16"  type="stmt" />
				<line num="29"  count="16"  type="stmt" />
				<line num="39"  count="12"  type="stmt" />
				<line num="40"  count="12"  type="stmt" />
				<line num="41"  count="12"  type="stmt" />
				<line num="47"  count="2"  type="stmt" />
			</file>
			<file name="TreeNode.jsx"  path="/Users/jianghai/Desktop/projects/bfd-ui/src/Tree/TreeNode.jsx" >
				<metrics statements="19"  coveredstatements="19"  conditionals="24"  coveredconditionals="23"  methods="6"  coveredmethods="6" />
				<line num="1"  count="4"  type="cond"  truecount="3"  falsecount="1" />
				<line num="4"  count="2"  type="stmt" />
				<line num="12"  count="2"  type="stmt" />
				<line num="15"  count="13"  type="stmt" />
				<line num="21"  count="3"  type="cond"  truecount="2"  falsecount="0" />
				<line num="25"  count="4"  type="cond"  truecount="2"  falsecount="0" />
				<line num="29"  count="1"  type="stmt" />
				<line num="30"  count="1"  type="stmt" />
				<line num="31"  count="1"  type="cond"  truecount="2"  falsecount="0" />
				<line num="35"  count="16"  type="stmt" />
				<line num="37"  count="16"  type="cond"  truecount="2"  falsecount="0" />
				<line num="38"  count="1"  type="stmt" />
				<line num="41"  count="15"  type="cond"  truecount="2"  falsecount="0" />
				<line num="42"  count="15"  type="stmt" />
				<line num="43"  count="15"  type="cond"  truecount="2"  falsecount="0" />
				<line num="44"  count="6"  type="cond"  truecount="2"  falsecount="0" />
				<line num="46"  count="9"  type="stmt" />
				<line num="48"  count="15"  type="stmt" />
				<line num="62"  count="2"  type="stmt" />
			</file>
		</package>
	</project>
</coverage>
