{
"/Users/jianghai/Desktop/projects/bfd-ui/src/ClearableInput/index.jsx":{"path":"/Users/jianghai/Desktop/projects/bfd-ui/src/ClearableInput/index.jsx","s":{"1":1,"2":1,"3":1,"4":1,"5":1,"6":1,"7":1,"8":1,"9":1,"10":1,"11":4,"12":1,"13":18,"14":18,"15":18,"16":0,"17":1,"18":9,"19":1,"20":1,"21":1,"22":1,"23":1,"24":1,"25":10,"26":10,"27":10,"28":10,"29":10,"30":10,"31":10,"32":1,"33":1},"b":{"1":[2,2],"2":[4,4],"3":[0,0],"4":[18,0],"5":[1,0],"6":[1,1],"7":[1,1],"8":[1,1],"9":[10,8],"10":[1,9],"11":[3,7]},"f":{"1":4,"2":18,"3":9,"4":1,"5":1,"6":10},"fnMap":{"1":{"name":"_interopRequireDefault","line":1,"loc":{"start":{"line":1,"column":549},"end":{"line":1,"column":586}}},"2":{"name":"customProp","line":11,"loc":{"start":{"line":11,"column":14},"end":{"line":11,"column":40}}},"3":{"name":"getInitialState","line":20,"loc":{"start":{"line":20,"column":19},"end":{"line":20,"column":46}}},"4":{"name":"handleClear","line":26,"loc":{"start":{"line":26,"column":15},"end":{"line":26,"column":38}}},"5":{"name":"handleChange","line":31,"loc":{"start":{"line":31,"column":16},"end":{"line":31,"column":41}}},"6":{"name":"render","line":38,"loc":{"start":{"line":38,"column":10},"end":{"line":38,"column":28}}}},"statementMap":{"1":{"start":{"line":1,"column":39},"end":{"line":1,"column":101},"skip":true},"2":{"start":{"line":1,"column":101},"end":{"line":1,"column":158}},"3":{"start":{"line":1,"column":158},"end":{"line":1,"column":208}},"4":{"start":{"line":1,"column":208},"end":{"line":1,"column":297}},"5":{"start":{"line":1,"column":297},"end":{"line":1,"column":379}},"6":{"start":{"line":1,"column":379},"end":{"line":1,"column":409}},"7":{"start":{"line":1,"column":409},"end":{"line":1,"column":454}},"8":{"start":{"line":1,"column":454},"end":{"line":1,"column":494}},"9":{"start":{"line":1,"column":494},"end":{"line":1,"column":549}},"10":{"start":{"line":1,"column":549},"end":{"line":1,"column":642}},"11":{"start":{"line":1,"column":587},"end":{"line":1,"column":641}},"12":{"start":{"line":5,"column":0},"end":{"line":13,"column":89}},"13":{"start":{"line":11,"column":67},"end":{"line":11,"column":90}},"14":{"start":{"line":11,"column":117},"end":{"line":11,"column":146}},"15":{"start":{"line":12,"column":4},"end":{"line":13,"column":85}},"16":{"start":{"line":13,"column":6},"end":{"line":13,"column":84}},"17":{"start":{"line":18,"column":0},"end":{"line":44,"column":170}},"18":{"start":{"line":21,"column":4},"end":{"line":22,"column":18}},"19":{"start":{"line":27,"column":4},"end":{"line":27,"column":58}},"20":{"start":{"line":28,"column":4},"end":{"line":28,"column":51}},"21":{"start":{"line":32,"column":4},"end":{"line":32,"column":24}},"22":{"start":{"line":33,"column":4},"end":{"line":33,"column":31}},"23":{"start":{"line":34,"column":4},"end":{"line":34,"column":61}},"24":{"start":{"line":35,"column":4},"end":{"line":35,"column":54}},"25":{"start":{"line":38,"column":55},"end":{"line":39,"column":15}},"26":{"start":{"line":39,"column":42},"end":{"line":39,"column":65}},"27":{"start":{"line":39,"column":92},"end":{"line":39,"column":129}},"28":{"start":{"line":39,"column":156},"end":{"line":39,"column":189}},"29":{"start":{"line":39,"column":216},"end":{"line":39,"column":313}},"30":{"start":{"line":40,"column":4},"end":{"line":40,"column":53}},"31":{"start":{"line":41,"column":4},"end":{"line":44,"column":165}},"32":{"start":{"line":50,"column":0},"end":{"line":50,"column":37}},"33":{"start":{"line":50,"column":64},"end":{"line":52,"column":15}}},"branchMap":{"1":{"line":1,"type":"cond-expr","locations":[{"start":{"line":1,"column":618},"end":{"line":1,"column":621}},{"start":{"line":1,"column":624},"end":{"line":1,"column":640}}]},"2":{"line":1,"type":"binary-expr","locations":[{"start":{"line":1,"column":594},"end":{"line":1,"column":597}},{"start":{"line":1,"column":601},"end":{"line":1,"column":615}}]},"3":{"line":12,"type":"if","locations":[{"start":{"line":12,"column":4},"end":{"line":12,"column":4}},{"start":{"line":12,"column":4},"end":{"line":12,"column":4}}]},"4":{"line":12,"type":"binary-expr","locations":[{"start":{"line":12,"column":8},"end":{"line":12,"column":19}},{"start":{"line":12,"column":23},"end":{"line":12,"column":38}}]},"5":{"line":27,"type":"binary-expr","locations":[{"start":{"line":27,"column":4},"end":{"line":27,"column":25}},{"start":{"line":27,"column":29},"end":{"line":27,"column":57}}]},"6":{"line":28,"type":"binary-expr","locations":[{"start":{"line":28,"column":4},"end":{"line":28,"column":23}},{"start":{"line":28,"column":27},"end":{"line":28,"column":50}}]},"7":{"line":34,"type":"binary-expr","locations":[{"start":{"line":34,"column":4},"end":{"line":34,"column":25}},{"start":{"line":34,"column":29},"end":{"line":34,"column":60}}]},"8":{"line":35,"type":"binary-expr","locations":[{"start":{"line":35,"column":4},"end":{"line":35,"column":23}},{"start":{"line":35,"column":27},"end":{"line":35,"column":53}}]},"9":{"line":40,"type":"binary-expr","locations":[{"start":{"line":40,"column":16},"end":{"line":40,"column":32}},{"start":{"line":40,"column":36},"end":{"line":40,"column":52}}]},"10":{"line":43,"type":"cond-expr","locations":[{"start":{"line":43,"column":149},"end":{"line":43,"column":165}},{"start":{"line":43,"column":168},"end":{"line":43,"column":170}}]},"11":{"line":44,"type":"cond-expr","locations":[{"start":{"line":44,"column":40},"end":{"line":44,"column":155}},{"start":{"line":44,"column":158},"end":{"line":44,"column":162}}]}},"l":{"1":4,"5":1,"11":18,"12":18,"13":0,"18":1,"21":9,"27":1,"28":1,"32":1,"33":1,"34":1,"35":1,"38":10,"39":10,"40":10,"41":10,"50":1}},
"/Users/jianghai/Desktop/projects/bfd-ui/src/Modal/Modal.jsx":{"path":"/Users/jianghai/Desktop/projects/bfd-ui/src/Modal/Modal.jsx","s":{"1":1,"2":1,"3":1,"4":1,"5":1,"6":1,"7":1,"8":1,"9":1,"10":1,"11":1,"12":1,"13":5,"14":1,"15":1,"16":1,"17":1,"18":1,"19":1,"20":1,"21":1,"22":1,"23":1,"24":1,"25":3,"26":3,"27":0,"28":0,"29":0,"30":0,"31":0,"32":0,"33":0,"34":0,"35":0,"36":0,"37":0,"38":0,"39":0,"40":0,"41":0,"42":0,"43":0,"44":0,"45":0,"46":3,"47":3,"48":3,"49":3,"50":1,"51":1,"52":1},"b":{"1":[2,3],"2":[5,5],"3":[0,0],"4":[0,0],"5":[0,0],"6":[0,0],"7":[0,0],"8":[0,0],"9":[3,0]},"f":{"1":5,"2":1,"3":3,"4":3,"5":0,"6":0,"7":0,"8":0,"9":0,"10":0,"11":0,"12":3},"fnMap":{"1":{"name":"_interopRequireDefault","line":1,"loc":{"start":{"line":1,"column":724},"end":{"line":1,"column":761}}},"2":{"name":"(anonymous_2)","line":10,"loc":{"start":{"line":10,"column":22},"end":{"line":10,"column":34}}},"3":{"name":"getInitialState","line":36,"loc":{"start":{"line":36,"column":19},"end":{"line":36,"column":46}}},"4":{"name":"getChildContext","line":42,"loc":{"start":{"line":42,"column":19},"end":{"line":42,"column":46}}},"5":{"name":"componentWillReceiveProps","line":48,"loc":{"start":{"line":48,"column":29},"end":{"line":48,"column":75}}},"6":{"name":"componentWillUpdate","line":52,"loc":{"start":{"line":52,"column":23},"end":{"line":52,"column":74}}},"7":{"name":"(anonymous_7)","line":62,"loc":{"start":{"line":62,"column":17},"end":{"line":62,"column":29}}},"8":{"name":"handleModalClick","line":73,"loc":{"start":{"line":73,"column":20},"end":{"line":73,"column":48}}},"9":{"name":"handleDialogClick","line":77,"loc":{"start":{"line":77,"column":21},"end":{"line":77,"column":51}}},"10":{"name":"open","line":81,"loc":{"start":{"line":81,"column":8},"end":{"line":81,"column":24}}},"11":{"name":"close","line":85,"loc":{"start":{"line":85,"column":9},"end":{"line":85,"column":26}}},"12":{"name":"render","line":90,"loc":{"start":{"line":90,"column":10},"end":{"line":90,"column":28}}}},"statementMap":{"1":{"start":{"line":1,"column":39},"end":{"line":1,"column":101},"skip":true},"2":{"start":{"line":1,"column":101},"end":{"line":1,"column":158}},"3":{"start":{"line":1,"column":158},"end":{"line":1,"column":208}},"4":{"start":{"line":1,"column":208},"end":{"line":1,"column":297}},"5":{"start":{"line":1,"column":297},"end":{"line":1,"column":379}},"6":{"start":{"line":1,"column":379},"end":{"line":1,"column":409}},"7":{"start":{"line":1,"column":409},"end":{"line":1,"column":454}},"8":{"start":{"line":1,"column":454},"end":{"line":1,"column":536}},"9":{"start":{"line":1,"column":536},"end":{"line":1,"column":629}},"10":{"start":{"line":1,"column":629},"end":{"line":1,"column":669}},"11":{"start":{"line":1,"column":669},"end":{"line":1,"column":724}},"12":{"start":{"line":1,"column":724},"end":{"line":1,"column":817}},"13":{"start":{"line":1,"column":762},"end":{"line":1,"column":816}},"14":{"start":{"line":10,"column":0},"end":{"line":19,"column":29}},"15":{"start":{"line":11,"column":2},"end":{"line":11,"column":48}},"16":{"start":{"line":12,"column":2},"end":{"line":12,"column":27}},"17":{"start":{"line":14,"column":2},"end":{"line":14,"column":50}},"18":{"start":{"line":15,"column":2},"end":{"line":15,"column":30}},"19":{"start":{"line":16,"column":2},"end":{"line":16,"column":69}},"20":{"start":{"line":17,"column":2},"end":{"line":17,"column":30}},"21":{"start":{"line":19,"column":2},"end":{"line":19,"column":24}},"22":{"start":{"line":23,"column":0},"end":{"line":25,"column":65}},"23":{"start":{"line":28,"column":0},"end":{"line":32,"column":65}},"24":{"start":{"line":35,"column":0},"end":{"line":105,"column":18}},"25":{"start":{"line":37,"column":4},"end":{"line":38,"column":34}},"26":{"start":{"line":43,"column":4},"end":{"line":44,"column":32}},"27":{"start":{"line":49,"column":4},"end":{"line":49,"column":69}},"28":{"start":{"line":52,"column":101},"end":{"line":52,"column":118}},"29":{"start":{"line":53,"column":4},"end":{"line":53,"column":29}},"30":{"start":{"line":54,"column":4},"end":{"line":54,"column":39}},"31":{"start":{"line":55,"column":4},"end":{"line":55,"column":70}},"32":{"start":{"line":57,"column":4},"end":{"line":69,"column":12}},"33":{"start":{"line":58,"column":6},"end":{"line":58,"column":87}},"34":{"start":{"line":59,"column":6},"end":{"line":59,"column":53}},"35":{"start":{"line":60,"column":6},"end":{"line":60,"column":73}},"36":{"start":{"line":62,"column":6},"end":{"line":69,"column":11}},"37":{"start":{"line":63,"column":8},"end":{"line":63,"column":66}},"38":{"start":{"line":64,"column":8},"end":{"line":67,"column":40}},"39":{"start":{"line":65,"column":10},"end":{"line":65,"column":109}},"40":{"start":{"line":67,"column":10},"end":{"line":67,"column":39}},"41":{"start":{"line":74,"column":4},"end":{"line":74,"column":17}},"42":{"start":{"line":78,"column":4},"end":{"line":78,"column":24}},"43":{"start":{"line":82,"column":4},"end":{"line":82,"column":36}},"44":{"start":{"line":86,"column":4},"end":{"line":86,"column":37}},"45":{"start":{"line":87,"column":4},"end":{"line":87,"column":55}},"46":{"start":{"line":90,"column":55},"end":{"line":91,"column":15}},"47":{"start":{"line":91,"column":42},"end":{"line":91,"column":75}},"48":{"start":{"line":91,"column":102},"end":{"line":91,"column":176}},"49":{"start":{"line":92,"column":4},"end":{"line":105,"column":13}},"50":{"start":{"line":111,"column":0},"end":{"line":111,"column":28}},"51":{"start":{"line":112,"column":0},"end":{"line":112,"column":44}},"52":{"start":{"line":112,"column":71},"end":{"line":114,"column":6}}},"branchMap":{"1":{"line":1,"type":"cond-expr","locations":[{"start":{"line":1,"column":793},"end":{"line":1,"column":796}},{"start":{"line":1,"column":799},"end":{"line":1,"column":815}}]},"2":{"line":1,"type":"binary-expr","locations":[{"start":{"line":1,"column":769},"end":{"line":1,"column":772}},{"start":{"line":1,"column":776},"end":{"line":1,"column":790}}]},"3":{"line":49,"type":"binary-expr","locations":[{"start":{"line":49,"column":4},"end":{"line":49,"column":23}},{"start":{"line":49,"column":27},"end":{"line":49,"column":68}}]},"4":{"line":55,"type":"binary-expr","locations":[{"start":{"line":55,"column":27},"end":{"line":55,"column":64}},{"start":{"line":55,"column":68},"end":{"line":55,"column":69}}]},"5":{"line":57,"type":"if","locations":[{"start":{"line":57,"column":4},"end":{"line":57,"column":4}},{"start":{"line":57,"column":4},"end":{"line":57,"column":4}}]},"6":{"line":58,"type":"cond-expr","locations":[{"start":{"line":58,"column":68},"end":{"line":58,"column":82}},{"start":{"line":58,"column":85},"end":{"line":58,"column":86}}]},"7":{"line":64,"type":"if","locations":[{"start":{"line":64,"column":8},"end":{"line":64,"column":8}},{"start":{"line":64,"column":8},"end":{"line":64,"column":8}}]},"8":{"line":87,"type":"binary-expr","locations":[{"start":{"line":87,"column":4},"end":{"line":87,"column":26}},{"start":{"line":87,"column":30},"end":{"line":87,"column":54}}]},"9":{"line":94,"type":"cond-expr","locations":[{"start":{"line":95,"column":32},"end":{"line":100,"column":29}},{"start":{"line":105,"column":6},"end":{"line":105,"column":10}}]}},"l":{"1":5,"10":1,"11":1,"12":1,"14":1,"15":1,"16":1,"17":1,"19":1,"23":1,"28":1,"35":1,"37":3,"43":3,"49":0,"52":0,"53":0,"54":0,"55":0,"57":0,"58":0,"59":0,"60":0,"62":0,"63":0,"64":0,"65":0,"67":0,"74":0,"78":0,"82":0,"86":0,"87":0,"90":3,"91":3,"92":3,"111":1,"112":1}},
"/Users/jianghai/Desktop/projects/bfd-ui/src/DatePicker/DatePicker.jsx":{"path":"/Users/jianghai/Desktop/projects/bfd-ui/src/DatePicker/DatePicker.jsx","s":{"1":1,"2":1,"3":1,"4":1,"5":1,"6":1,"7":1,"8":1,"9":1,"10":1,"11":1,"12":1,"13":1,"14":5,"15":1,"16":1,"17":6,"18":6,"19":6,"20":0,"21":1,"22":3,"23":0,"24":0,"25":0,"26":3,"27":3,"28":3,"29":3,"30":3,"31":3,"32":1,"33":1},"b":{"1":[3,2],"2":[5,5],"3":[0,6],"4":[6,0],"5":[0,3],"6":[0,0],"7":[0,0],"8":[3,3]},"f":{"1":5,"2":6,"3":3,"4":0,"5":3},"fnMap":{"1":{"name":"_interopRequireDefault","line":1,"loc":{"start":{"line":1,"column":677},"end":{"line":1,"column":714}}},"2":{"name":"customProp","line":15,"loc":{"start":{"line":15,"column":14},"end":{"line":15,"column":40}}},"3":{"name":"getInitialState","line":24,"loc":{"start":{"line":24,"column":19},"end":{"line":24,"column":46}}},"4":{"name":"handleSelect","line":30,"loc":{"start":{"line":30,"column":16},"end":{"line":30,"column":44}}},"5":{"name":"render","line":36,"loc":{"start":{"line":36,"column":10},"end":{"line":36,"column":28}}}},"statementMap":{"1":{"start":{"line":1,"column":39},"end":{"line":1,"column":101},"skip":true},"2":{"start":{"line":1,"column":101},"end":{"line":1,"column":158}},"3":{"start":{"line":1,"column":158},"end":{"line":1,"column":208}},"4":{"start":{"line":1,"column":208},"end":{"line":1,"column":297}},"5":{"start":{"line":1,"column":297},"end":{"line":1,"column":379}},"6":{"start":{"line":1,"column":379},"end":{"line":1,"column":409}},"7":{"start":{"line":1,"column":409},"end":{"line":1,"column":454}},"8":{"start":{"line":1,"column":454},"end":{"line":1,"column":492}},"9":{"start":{"line":1,"column":492},"end":{"line":1,"column":543}},"10":{"start":{"line":1,"column":543},"end":{"line":1,"column":582}},"11":{"start":{"line":1,"column":582},"end":{"line":1,"column":622}},"12":{"start":{"line":1,"column":622},"end":{"line":1,"column":677}},"13":{"start":{"line":1,"column":677},"end":{"line":1,"column":770}},"14":{"start":{"line":1,"column":715},"end":{"line":1,"column":769}},"15":{"start":{"line":8,"column":0},"end":{"line":8,"column":177}},"16":{"start":{"line":10,"column":0},"end":{"line":17,"column":88}},"17":{"start":{"line":15,"column":67},"end":{"line":15,"column":88}},"18":{"start":{"line":15,"column":115},"end":{"line":15,"column":144}},"19":{"start":{"line":16,"column":4},"end":{"line":17,"column":84}},"20":{"start":{"line":17,"column":6},"end":{"line":17,"column":83}},"21":{"start":{"line":22,"column":0},"end":{"line":45,"column":177}},"22":{"start":{"line":25,"column":4},"end":{"line":26,"column":25}},"23":{"start":{"line":31,"column":4},"end":{"line":31,"column":48}},"24":{"start":{"line":32,"column":4},"end":{"line":32,"column":31}},"25":{"start":{"line":33,"column":4},"end":{"line":33,"column":53}},"26":{"start":{"line":36,"column":55},"end":{"line":37,"column":15}},"27":{"start":{"line":37,"column":42},"end":{"line":37,"column":75}},"28":{"start":{"line":37,"column":102},"end":{"line":37,"column":133}},"29":{"start":{"line":37,"column":160},"end":{"line":37,"column":246}},"30":{"start":{"line":38,"column":4},"end":{"line":38,"column":50}},"31":{"start":{"line":39,"column":4},"end":{"line":45,"column":172}},"32":{"start":{"line":52,"column":0},"end":{"line":52,"column":33}},"33":{"start":{"line":52,"column":60},"end":{"line":54,"column":11}}},"branchMap":{"1":{"line":1,"type":"cond-expr","locations":[{"start":{"line":1,"column":746},"end":{"line":1,"column":749}},{"start":{"line":1,"column":752},"end":{"line":1,"column":768}}]},"2":{"line":1,"type":"binary-expr","locations":[{"start":{"line":1,"column":722},"end":{"line":1,"column":725}},{"start":{"line":1,"column":729},"end":{"line":1,"column":743}}]},"3":{"line":16,"type":"if","locations":[{"start":{"line":16,"column":4},"end":{"line":16,"column":4}},{"start":{"line":16,"column":4},"end":{"line":16,"column":4}}]},"4":{"line":16,"type":"binary-expr","locations":[{"start":{"line":16,"column":8},"end":{"line":16,"column":12}},{"start":{"line":16,"column":16},"end":{"line":16,"column":25}}]},"5":{"line":25,"type":"cond-expr","locations":[{"start":{"line":25,"column":29},"end":{"line":25,"column":33}},{"start":{"line":25,"column":36},"end":{"line":26,"column":24}}]},"6":{"line":31,"type":"binary-expr","locations":[{"start":{"line":31,"column":4},"end":{"line":31,"column":14}},{"start":{"line":31,"column":18},"end":{"line":31,"column":47}}]},"7":{"line":33,"type":"binary-expr","locations":[{"start":{"line":33,"column":4},"end":{"line":33,"column":23}},{"start":{"line":33,"column":27},"end":{"line":33,"column":52}}]},"8":{"line":38,"type":"binary-expr","locations":[{"start":{"line":38,"column":15},"end":{"line":38,"column":30}},{"start":{"line":38,"column":34},"end":{"line":38,"column":49}}]}},"l":{"1":5,"8":1,"10":1,"15":6,"16":6,"17":0,"22":1,"25":3,"31":0,"32":0,"33":0,"36":3,"37":3,"38":3,"39":3,"52":1}},
"/Users/jianghai/Desktop/projects/bfd-ui/src/DatePicker/Calendar.jsx":{"path":"/Users/jianghai/Desktop/projects/bfd-ui/src/DatePicker/Calendar.jsx","s":{"1":1,"2":1,"3":1,"4":1,"5":1,"6":1,"7":1,"8":1,"9":1,"10":1,"11":4,"12":1,"13":1,"14":3,"15":3,"16":3,"17":3,"18":3,"19":0,"20":0,"21":0,"22":0,"23":0,"24":0,"25":0,"26":0,"27":0,"28":0,"29":0,"30":3,"31":3,"32":3,"33":0,"34":0,"35":0,"36":3,"37":105,"38":105,"39":105,"40":105,"41":0,"42":0,"43":105,"44":105,"45":105,"46":3,"47":3,"48":3,"49":3,"50":3,"51":3,"52":3,"53":3,"54":15,"55":3,"56":3,"57":3,"58":90,"59":3,"60":3,"61":3,"62":0,"63":3,"64":3,"65":3,"66":3,"67":3,"68":21,"69":15,"70":105,"71":105,"72":105},"b":{"1":[1,3],"2":[4,4],"3":[3,0],"4":[0,0],"5":[0,0],"6":[3,0],"7":[3,0],"8":[0,3],"9":[3,3],"10":[0,0],"11":[0,105],"12":[105,102,102],"13":[105,0],"14":[3,0]},"f":{"1":4,"2":3,"3":0,"4":0,"5":3,"6":0,"7":105,"8":105,"9":3,"10":3,"11":21,"12":15,"13":105},"fnMap":{"1":{"name":"_interopRequireDefault","line":1,"loc":{"start":{"line":1,"column":539},"end":{"line":1,"column":576}}},"2":{"name":"getInitialState","line":23,"loc":{"start":{"line":23,"column":19},"end":{"line":23,"column":46}}},"3":{"name":"handleToggle","line":46,"loc":{"start":{"line":46,"column":16},"end":{"line":46,"column":52}}},"4":{"name":"handleDaySelect","line":62,"loc":{"start":{"line":62,"column":19},"end":{"line":62,"column":50}}},"5":{"name":"disabledComparer","line":74,"loc":{"start":{"line":74,"column":20},"end":{"line":74,"column":48}}},"6":{"name":"(anonymous_6)","line":78,"loc":{"start":{"line":78,"column":13},"end":{"line":78,"column":29}}},"7":{"name":"(anonymous_7)","line":83,"loc":{"start":{"line":83,"column":13},"end":{"line":83,"column":51}}},"8":{"name":"getDateClassNames","line":90,"loc":{"start":{"line":90,"column":21},"end":{"line":90,"column":54}}},"9":{"name":"getDates","line":116,"loc":{"start":{"line":116,"column":12},"end":{"line":116,"column":32}}},"10":{"name":"render","line":161,"loc":{"start":{"line":161,"column":10},"end":{"line":161,"column":28}}},"11":{"name":"(anonymous_11)","line":179,"loc":{"start":{"line":179,"column":92},"end":{"line":179,"column":137}}},"12":{"name":"(anonymous_12)","line":182,"loc":{"start":{"line":182,"column":56},"end":{"line":182,"column":72}}},"13":{"name":"(anonymous_13)","line":184,"loc":{"start":{"line":184,"column":129},"end":{"line":184,"column":148}}}},"statementMap":{"1":{"start":{"line":1,"column":39},"end":{"line":1,"column":101},"skip":true},"2":{"start":{"line":1,"column":101},"end":{"line":1,"column":131}},"3":{"start":{"line":1,"column":131},"end":{"line":1,"column":176}},"4":{"start":{"line":1,"column":176},"end":{"line":1,"column":216}},"5":{"start":{"line":1,"column":216},"end":{"line":1,"column":271}},"6":{"start":{"line":1,"column":271},"end":{"line":1,"column":317}},"7":{"start":{"line":1,"column":317},"end":{"line":1,"column":376}},"8":{"start":{"line":1,"column":376},"end":{"line":1,"column":452}},"9":{"start":{"line":1,"column":452},"end":{"line":1,"column":539}},"10":{"start":{"line":1,"column":539},"end":{"line":1,"column":632}},"11":{"start":{"line":1,"column":577},"end":{"line":1,"column":631}},"12":{"start":{"line":10,"column":0},"end":{"line":10,"column":177}},"13":{"start":{"line":10,"column":204},"end":{"line":189,"column":319}},"14":{"start":{"line":24,"column":4},"end":{"line":24,"column":69}},"15":{"start":{"line":25,"column":4},"end":{"line":25,"column":31}},"16":{"start":{"line":26,"column":4},"end":{"line":26,"column":29}},"17":{"start":{"line":27,"column":4},"end":{"line":27,"column":26}},"18":{"start":{"line":28,"column":4},"end":{"line":33,"column":28}},"19":{"start":{"line":47,"column":4},"end":{"line":47,"column":70}},"20":{"start":{"line":48,"column":4},"end":{"line":57,"column":39}},"21":{"start":{"line":49,"column":6},"end":{"line":49,"column":46}},"22":{"start":{"line":50,"column":6},"end":{"line":51,"column":40}},"23":{"start":{"line":54,"column":6},"end":{"line":54,"column":40}},"24":{"start":{"line":55,"column":6},"end":{"line":57,"column":38}},"25":{"start":{"line":62,"column":77},"end":{"line":63,"column":21}},"26":{"start":{"line":63,"column":48},"end":{"line":63,"column":71}},"27":{"start":{"line":63,"column":98},"end":{"line":63,"column":117}},"28":{"start":{"line":64,"column":4},"end":{"line":69,"column":29}},"29":{"start":{"line":71,"column":4},"end":{"line":71,"column":96}},"30":{"start":{"line":75,"column":4},"end":{"line":75,"column":102}},"31":{"start":{"line":76,"column":4},"end":{"line":76,"column":102}},"32":{"start":{"line":77,"column":4},"end":{"line":83,"column":68}},"33":{"start":{"line":78,"column":6},"end":{"line":80,"column":52}},"34":{"start":{"line":79,"column":8},"end":{"line":79,"column":76}},"35":{"start":{"line":80,"column":8},"end":{"line":80,"column":50}},"36":{"start":{"line":83,"column":6},"end":{"line":83,"column":67}},"37":{"start":{"line":83,"column":52},"end":{"line":83,"column":65},"skip":true},"38":{"start":{"line":91,"column":4},"end":{"line":91,"column":72}},"39":{"start":{"line":93,"column":4},"end":{"line":93,"column":95}},"40":{"start":{"line":94,"column":4},"end":{"line":97,"column":35},"skip":true},"41":{"start":{"line":96,"column":6},"end":{"line":96,"column":38},"skip":true},"42":{"start":{"line":97,"column":6},"end":{"line":97,"column":34},"skip":true},"43":{"start":{"line":100,"column":4},"end":{"line":100,"column":38}},"44":{"start":{"line":101,"column":4},"end":{"line":101,"column":34}},"45":{"start":{"line":103,"column":4},"end":{"line":109,"column":57}},"46":{"start":{"line":117,"column":4},"end":{"line":117,"column":48}},"47":{"start":{"line":118,"column":4},"end":{"line":118,"column":19},"skip":true},"48":{"start":{"line":121,"column":4},"end":{"line":121,"column":69}},"49":{"start":{"line":122,"column":4},"end":{"line":122,"column":31}},"50":{"start":{"line":123,"column":4},"end":{"line":131,"column":34}},"51":{"start":{"line":124,"column":6},"end":{"line":124,"column":19}},"52":{"start":{"line":125,"column":6},"end":{"line":125,"column":43}},"53":{"start":{"line":126,"column":6},"end":{"line":131,"column":33}},"54":{"start":{"line":127,"column":8},"end":{"line":131,"column":32}},"55":{"start":{"line":137,"column":4},"end":{"line":137,"column":73}},"56":{"start":{"line":138,"column":4},"end":{"line":138,"column":41}},"57":{"start":{"line":139,"column":4},"end":{"line":143,"column":23}},"58":{"start":{"line":140,"column":6},"end":{"line":143,"column":22}},"59":{"start":{"line":148,"column":4},"end":{"line":148,"column":73}},"60":{"start":{"line":149,"column":4},"end":{"line":149,"column":28}},"61":{"start":{"line":150,"column":4},"end":{"line":155,"column":31}},"62":{"start":{"line":151,"column":6},"end":{"line":155,"column":30}},"63":{"start":{"line":158,"column":4},"end":{"line":158,"column":17}},"64":{"start":{"line":161,"column":55},"end":{"line":161,"column":72}},"65":{"start":{"line":162,"column":4},"end":{"line":162,"column":32}},"66":{"start":{"line":163,"column":4},"end":{"line":163,"column":52}},"67":{"start":{"line":164,"column":4},"end":{"line":189,"column":314}},"68":{"start":{"line":179,"column":138},"end":{"line":179,"column":227},"skip":true},"69":{"start":{"line":183,"column":8},"end":{"line":189,"column":307}},"70":{"start":{"line":185,"column":12},"end":{"line":185,"column":34}},"71":{"start":{"line":186,"column":12},"end":{"line":186,"column":36}},"72":{"start":{"line":187,"column":12},"end":{"line":189,"column":302}}},"branchMap":{"1":{"line":1,"type":"cond-expr","locations":[{"start":{"line":1,"column":608},"end":{"line":1,"column":611}},{"start":{"line":1,"column":614},"end":{"line":1,"column":630}}]},"2":{"line":1,"type":"binary-expr","locations":[{"start":{"line":1,"column":584},"end":{"line":1,"column":587}},{"start":{"line":1,"column":591},"end":{"line":1,"column":605}}]},"3":{"line":24,"type":"cond-expr","locations":[{"start":{"line":24,"column":30},"end":{"line":24,"column":55}},{"start":{"line":24,"column":58},"end":{"line":24,"column":68}}]},"4":{"line":48,"type":"if","locations":[{"start":{"line":48,"column":4},"end":{"line":48,"column":4}},{"start":{"line":48,"column":4},"end":{"line":48,"column":4}}]},"5":{"line":71,"type":"binary-expr","locations":[{"start":{"line":71,"column":4},"end":{"line":71,"column":23}},{"start":{"line":71,"column":27},"end":{"line":71,"column":95}}]},"6":{"line":75,"type":"binary-expr","locations":[{"start":{"line":75,"column":14},"end":{"line":75,"column":28}},{"start":{"line":75,"column":58},"end":{"line":75,"column":101}}]},"7":{"line":76,"type":"binary-expr","locations":[{"start":{"line":76,"column":14},"end":{"line":76,"column":28}},{"start":{"line":76,"column":58},"end":{"line":76,"column":101}}]},"8":{"line":77,"type":"if","locations":[{"start":{"line":77,"column":4},"end":{"line":77,"column":4}},{"start":{"line":77,"column":4},"end":{"line":77,"column":4}}]},"9":{"line":77,"type":"binary-expr","locations":[{"start":{"line":77,"column":8},"end":{"line":77,"column":11}},{"start":{"line":77,"column":15},"end":{"line":77,"column":18}}]},"10":{"line":80,"type":"binary-expr","locations":[{"start":{"line":80,"column":15},"end":{"line":80,"column":30}},{"start":{"line":80,"column":34},"end":{"line":80,"column":49}}]},"11":{"line":94,"type":"if","locations":[{"start":{"line":94,"column":4},"end":{"line":94,"column":4},"skip":true},{"start":{"line":94,"column":4},"end":{"line":94,"column":4},"skip":true}]},"12":{"line":108,"type":"binary-expr","locations":[{"start":{"line":108,"column":16},"end":{"line":108,"column":99}},{"start":{"line":108,"column":103},"end":{"line":108,"column":110}},{"start":{"line":108,"column":114},"end":{"line":108,"column":119}}]},"13":{"line":109,"type":"binary-expr","locations":[{"start":{"line":109,"column":16},"end":{"line":109,"column":33}},{"start":{"line":109,"column":37},"end":{"line":109,"column":52}}]},"14":{"line":123,"type":"if","locations":[{"start":{"line":123,"column":4},"end":{"line":123,"column":4}},{"start":{"line":123,"column":4},"end":{"line":123,"column":4}}]}},"l":{"1":4,"10":1,"24":3,"25":3,"26":3,"27":3,"28":3,"47":0,"48":0,"49":0,"50":0,"54":0,"55":0,"62":0,"63":0,"64":0,"71":0,"75":3,"76":3,"77":3,"78":0,"79":0,"80":0,"83":105,"91":105,"93":105,"94":105,"96":1,"97":1,"100":105,"101":105,"103":105,"117":3,"118":3,"121":3,"122":3,"123":3,"124":3,"125":3,"126":3,"127":15,"137":3,"138":3,"139":3,"140":90,"148":3,"149":3,"150":3,"151":0,"158":3,"161":3,"162":3,"163":3,"164":3,"179":21,"183":15,"185":105,"186":105,"187":105}},
"/Users/jianghai/Desktop/projects/bfd-ui/src/DatePicker/getTimestrap.js":{"path":"/Users/jianghai/Desktop/projects/bfd-ui/src/DatePicker/getTimestrap.js","s":{"1":1,"2":1,"3":0,"4":0,"5":0,"6":0},"b":{"1":[0,0],"2":[0,0]},"f":{"1":0},"fnMap":{"1":{"name":"(anonymous_1)","line":4,"loc":{"start":{"line":4,"column":0},"end":{"line":4,"column":16}}}},"statementMap":{"1":{"start":{"line":1,"column":39},"end":{"line":1,"column":101},"skip":true},"2":{"start":{"line":3,"column":105},"end":{"line":7,"column":34}},"3":{"start":{"line":5,"column":2},"end":{"line":5,"column":44}},"4":{"start":{"line":5,"column":32},"end":{"line":5,"column":44}},"5":{"start":{"line":6,"column":2},"end":{"line":6,"column":45}},"6":{"start":{"line":7,"column":2},"end":{"line":7,"column":32}}},"branchMap":{"1":{"line":5,"type":"if","locations":[{"start":{"line":5,"column":2},"end":{"line":5,"column":2}},{"start":{"line":5,"column":2},"end":{"line":5,"column":2}}]},"2":{"line":6,"type":"cond-expr","locations":[{"start":{"line":6,"column":17},"end":{"line":6,"column":31}},{"start":{"line":6,"column":34},"end":{"line":6,"column":44}}]}},"l":{"1":1,"3":1,"5":0,"6":0,"7":0}},
"/Users/jianghai/Desktop/projects/bfd-ui/src/Dropdown/index.jsx":{"path":"/Users/jianghai/Desktop/projects/bfd-ui/src/Dropdown/index.jsx","s":{"1":1,"2":1,"3":1,"4":1,"5":1,"6":1,"7":1,"8":1,"9":1,"10":3,"11":1,"12":1,"13":1},"b":{"1":[3,0],"2":[3,3]},"f":{"1":3},"fnMap":{"1":{"name":"_interopRequireDefault","line":1,"loc":{"start":{"line":1,"column":485},"end":{"line":1,"column":522}}}},"statementMap":{"1":{"start":{"line":1,"column":39},"end":{"line":1,"column":101},"skip":true},"2":{"start":{"line":1,"column":101},"end":{"line":1,"column":178}},"3":{"start":{"line":1,"column":178},"end":{"line":1,"column":216}},"4":{"start":{"line":1,"column":216},"end":{"line":1,"column":267}},"5":{"start":{"line":1,"column":267},"end":{"line":1,"column":317}},"6":{"start":{"line":1,"column":317},"end":{"line":1,"column":380}},"7":{"start":{"line":1,"column":380},"end":{"line":1,"column":426}},"8":{"start":{"line":1,"column":426},"end":{"line":1,"column":485}},"9":{"start":{"line":1,"column":485},"end":{"line":1,"column":578}},"10":{"start":{"line":1,"column":523},"end":{"line":1,"column":577}},"11":{"start":{"line":1,"column":578},"end":{"line":5,"column":30}},"12":{"start":{"line":5,"column":57},"end":{"line":5,"column":107}},"13":{"start":{"line":5,"column":134},"end":{"line":5,"column":180}}},"branchMap":{"1":{"line":1,"type":"cond-expr","locations":[{"start":{"line":1,"column":554},"end":{"line":1,"column":557}},{"start":{"line":1,"column":560},"end":{"line":1,"column":576}}]},"2":{"line":1,"type":"binary-expr","locations":[{"start":{"line":1,"column":530},"end":{"line":1,"column":533}},{"start":{"line":1,"column":537},"end":{"line":1,"column":551}}]}},"l":{"1":3,"5":1}},
"/Users/jianghai/Desktop/projects/bfd-ui/src/Dropdown/Dropdown.jsx":{"path":"/Users/jianghai/Desktop/projects/bfd-ui/src/Dropdown/Dropdown.jsx","s":{"1":1,"2":1,"3":1,"4":1,"5":1,"6":1,"7":1,"8":1,"9":1,"10":1,"11":4,"12":1,"13":1,"14":1,"15":3,"16":3,"17":0,"18":0,"19":0,"20":0,"21":0,"22":0,"23":0,"24":0,"25":0,"26":0,"27":0,"28":0,"29":3,"30":3,"31":0,"32":0,"33":3,"34":3,"35":3,"36":3,"37":3,"38":1,"39":1,"40":1},"b":{"1":[2,2],"2":[4,4],"3":[0,0],"4":[0,0],"5":[0,0],"6":[0,0]},"f":{"1":4,"2":3,"3":3,"4":0,"5":0,"6":0,"7":0,"8":0,"9":0,"10":3,"11":0,"12":3},"fnMap":{"1":{"name":"_interopRequireDefault","line":1,"loc":{"start":{"line":1,"column":549},"end":{"line":1,"column":586}}},"2":{"name":"getInitialState","line":20,"loc":{"start":{"line":20,"column":19},"end":{"line":20,"column":46}}},"3":{"name":"getChildContext","line":26,"loc":{"start":{"line":26,"column":19},"end":{"line":26,"column":46}}},"4":{"name":"open","line":32,"loc":{"start":{"line":32,"column":8},"end":{"line":32,"column":24}}},"5":{"name":"close","line":36,"loc":{"start":{"line":36,"column":9},"end":{"line":36,"column":26}}},"6":{"name":"handleToggle","line":40,"loc":{"start":{"line":40,"column":16},"end":{"line":40,"column":40}}},"7":{"name":"(anonymous_7)","line":44,"loc":{"start":{"line":44,"column":29},"end":{"line":44,"column":49}}},"8":{"name":"handleBodyClick","line":53,"loc":{"start":{"line":53,"column":19},"end":{"line":53,"column":46}}},"9":{"name":"stopPropagation","line":57,"loc":{"start":{"line":57,"column":19},"end":{"line":57,"column":47}}},"10":{"name":"componentDidMount","line":61,"loc":{"start":{"line":61,"column":21},"end":{"line":61,"column":50}}},"11":{"name":"componentWillUnmount","line":66,"loc":{"start":{"line":66,"column":24},"end":{"line":66,"column":56}}},"12":{"name":"render","line":71,"loc":{"start":{"line":71,"column":10},"end":{"line":71,"column":28}}}},"statementMap":{"1":{"start":{"line":1,"column":39},"end":{"line":1,"column":101},"skip":true},"2":{"start":{"line":1,"column":101},"end":{"line":1,"column":158}},"3":{"start":{"line":1,"column":158},"end":{"line":1,"column":208}},"4":{"start":{"line":1,"column":208},"end":{"line":1,"column":297}},"5":{"start":{"line":1,"column":297},"end":{"line":1,"column":379}},"6":{"start":{"line":1,"column":379},"end":{"line":1,"column":409}},"7":{"start":{"line":1,"column":409},"end":{"line":1,"column":454}},"8":{"start":{"line":1,"column":454},"end":{"line":1,"column":494}},"9":{"start":{"line":1,"column":494},"end":{"line":1,"column":549}},"10":{"start":{"line":1,"column":549},"end":{"line":1,"column":642}},"11":{"start":{"line":1,"column":587},"end":{"line":1,"column":641}},"12":{"start":{"line":7,"column":0},"end":{"line":8,"column":62}},"13":{"start":{"line":11,"column":0},"end":{"line":12,"column":66}},"14":{"start":{"line":15,"column":0},"end":{"line":74,"column":280}},"15":{"start":{"line":21,"column":4},"end":{"line":22,"column":22}},"16":{"start":{"line":27,"column":4},"end":{"line":28,"column":40}},"17":{"start":{"line":33,"column":4},"end":{"line":33,"column":36}},"18":{"start":{"line":37,"column":4},"end":{"line":37,"column":37}},"19":{"start":{"line":40,"column":67},"end":{"line":40,"column":84}},"20":{"start":{"line":41,"column":4},"end":{"line":41,"column":36}},"21":{"start":{"line":41,"column":29},"end":{"line":41,"column":36}},"22":{"start":{"line":42,"column":4},"end":{"line":42,"column":49}},"23":{"start":{"line":43,"column":4},"end":{"line":47,"column":32}},"24":{"start":{"line":44,"column":6},"end":{"line":47,"column":31}},"25":{"start":{"line":45,"column":8},"end":{"line":47,"column":28}},"26":{"start":{"line":47,"column":10},"end":{"line":47,"column":27}},"27":{"start":{"line":54,"column":4},"end":{"line":54,"column":17}},"28":{"start":{"line":58,"column":4},"end":{"line":58,"column":24}},"29":{"start":{"line":62,"column":4},"end":{"line":62,"column":30}},"30":{"start":{"line":63,"column":4},"end":{"line":63,"column":59}},"31":{"start":{"line":67,"column":4},"end":{"line":67,"column":59}},"32":{"start":{"line":68,"column":4},"end":{"line":68,"column":62}},"33":{"start":{"line":71,"column":55},"end":{"line":72,"column":15}},"34":{"start":{"line":72,"column":42},"end":{"line":72,"column":75}},"35":{"start":{"line":72,"column":102},"end":{"line":72,"column":133}},"36":{"start":{"line":72,"column":160},"end":{"line":72,"column":246}},"37":{"start":{"line":73,"column":4},"end":{"line":74,"column":275}},"38":{"start":{"line":79,"column":0},"end":{"line":79,"column":31}},"39":{"start":{"line":80,"column":0},"end":{"line":80,"column":47}},"40":{"start":{"line":80,"column":74},"end":{"line":82,"column":9}}},"branchMap":{"1":{"line":1,"type":"cond-expr","locations":[{"start":{"line":1,"column":618},"end":{"line":1,"column":621}},{"start":{"line":1,"column":624},"end":{"line":1,"column":640}}]},"2":{"line":1,"type":"binary-expr","locations":[{"start":{"line":1,"column":594},"end":{"line":1,"column":597}},{"start":{"line":1,"column":601},"end":{"line":1,"column":615}}]},"3":{"line":41,"type":"if","locations":[{"start":{"line":41,"column":4},"end":{"line":41,"column":4}},{"start":{"line":41,"column":4},"end":{"line":41,"column":4}}]},"4":{"line":42,"type":"cond-expr","locations":[{"start":{"line":42,"column":29},"end":{"line":42,"column":36}},{"start":{"line":42,"column":39},"end":{"line":42,"column":45}}]},"5":{"line":43,"type":"if","locations":[{"start":{"line":43,"column":4},"end":{"line":43,"column":4}},{"start":{"line":43,"column":4},"end":{"line":43,"column":4}}]},"6":{"line":45,"type":"if","locations":[{"start":{"line":45,"column":8},"end":{"line":45,"column":8}},{"start":{"line":45,"column":8},"end":{"line":45,"column":8}}]}},"l":{"1":4,"7":1,"11":1,"15":1,"21":3,"27":3,"33":0,"37":0,"40":0,"41":0,"42":0,"43":0,"44":0,"45":0,"47":0,"54":0,"58":0,"62":3,"63":3,"67":0,"68":0,"71":3,"72":3,"73":3,"79":1,"80":1}},
"/Users/jianghai/Desktop/projects/bfd-ui/src/Dropdown/DropdownToggle.jsx":{"path":"/Users/jianghai/Desktop/projects/bfd-ui/src/Dropdown/DropdownToggle.jsx","s":{"1":1,"2":1,"3":1,"4":1,"5":1,"6":1,"7":1,"8":3,"9":1,"10":1},"b":{"1":[0,1],"2":[1,1]},"f":{"1":1,"2":3},"fnMap":{"1":{"name":"_interopRequireDefault","line":1,"loc":{"start":{"line":1,"column":176},"end":{"line":1,"column":213}}},"2":{"name":"DropdownToggle","line":10,"loc":{"start":{"line":10,"column":0},"end":{"line":10,"column":40}}}},"statementMap":{"1":{"start":{"line":1,"column":39},"end":{"line":1,"column":101},"skip":true},"2":{"start":{"line":1,"column":101},"end":{"line":1,"column":131}},"3":{"start":{"line":1,"column":131},"end":{"line":1,"column":176}},"4":{"start":{"line":1,"column":176},"end":{"line":1,"column":269}},"5":{"start":{"line":1,"column":214},"end":{"line":1,"column":268}},"6":{"start":{"line":6,"column":0},"end":{"line":7,"column":66}},"7":{"start":{"line":10,"column":0},"end":{"line":11,"column":160}},"8":{"start":{"line":11,"column":2},"end":{"line":11,"column":159}},"9":{"start":{"line":14,"column":0},"end":{"line":14,"column":43}},"10":{"start":{"line":14,"column":70},"end":{"line":16,"column":15}}},"branchMap":{"1":{"line":1,"type":"cond-expr","locations":[{"start":{"line":1,"column":245},"end":{"line":1,"column":248}},{"start":{"line":1,"column":251},"end":{"line":1,"column":267}}]},"2":{"line":1,"type":"binary-expr","locations":[{"start":{"line":1,"column":221},"end":{"line":1,"column":224}},{"start":{"line":1,"column":228},"end":{"line":1,"column":242}}]}},"l":{"1":1,"6":1,"10":1,"11":3,"14":1}},
"/Users/jianghai/Desktop/projects/bfd-ui/src/Dropdown/DropdownMenu.jsx":{"path":"/Users/jianghai/Desktop/projects/bfd-ui/src/Dropdown/DropdownMenu.jsx","s":{"1":1,"2":1,"3":1,"4":1,"5":1,"6":1,"7":3,"8":1},"b":{"1":[0,1],"2":[1,1]},"f":{"1":1,"2":3},"fnMap":{"1":{"name":"_interopRequireDefault","line":1,"loc":{"start":{"line":1,"column":176},"end":{"line":1,"column":213}}},"2":{"name":"DropdownMenu","line":7,"loc":{"start":{"line":7,"column":0},"end":{"line":7,"column":29}}}},"statementMap":{"1":{"start":{"line":1,"column":39},"end":{"line":1,"column":101},"skip":true},"2":{"start":{"line":1,"column":101},"end":{"line":1,"column":131}},"3":{"start":{"line":1,"column":131},"end":{"line":1,"column":176}},"4":{"start":{"line":1,"column":176},"end":{"line":1,"column":269}},"5":{"start":{"line":1,"column":214},"end":{"line":1,"column":268}},"6":{"start":{"line":7,"column":0},"end":{"line":8,"column":123}},"7":{"start":{"line":8,"column":2},"end":{"line":8,"column":122}},"8":{"start":{"line":10,"column":154},"end":{"line":11,"column":13}}},"branchMap":{"1":{"line":1,"type":"cond-expr","locations":[{"start":{"line":1,"column":245},"end":{"line":1,"column":248}},{"start":{"line":1,"column":251},"end":{"line":1,"column":267}}]},"2":{"line":1,"type":"binary-expr","locations":[{"start":{"line":1,"column":221},"end":{"line":1,"column":224}},{"start":{"line":1,"column":228},"end":{"line":1,"column":242}}]}},"l":{"1":1,"7":1,"8":3,"10":1}},
"/Users/jianghai/Desktop/projects/bfd-ui/src/Tree/Tree.jsx":{"path":"/Users/jianghai/Desktop/projects/bfd-ui/src/Tree/Tree.jsx","s":{"1":2,"2":2,"3":2,"4":2,"5":2,"6":2,"7":2,"8":2,"9":2,"10":2,"11":2,"12":2,"13":2,"14":2,"15":12,"16":2,"17":2,"18":1,"19":1,"20":1,"21":1,"22":1,"23":1,"24":28,"25":28,"26":17,"27":11,"28":16,"29":16,"30":12,"31":12,"32":12,"33":12,"34":12,"35":2,"36":2},"b":{"1":[6,6],"2":[12,12],"3":[1,1],"4":[17,11],"5":[28,17]},"f":{"1":12,"2":1,"3":28,"4":16,"5":12},"fnMap":{"1":{"name":"_interopRequireDefault","line":1,"loc":{"start":{"line":1,"column":763},"end":{"line":1,"column":800}}},"2":{"name":"handleToggle","line":14,"loc":{"start":{"line":14,"column":16},"end":{"line":14,"column":53}}},"3":{"name":"loopData","line":23,"loc":{"start":{"line":23,"column":12},"end":{"line":23,"column":52}}},"4":{"name":"(anonymous_4)","line":27,"loc":{"start":{"line":27,"column":15},"end":{"line":27,"column":34}}},"5":{"name":"render","line":39,"loc":{"start":{"line":39,"column":10},"end":{"line":39,"column":28}}}},"statementMap":{"1":{"start":{"line":1,"column":39},"end":{"line":1,"column":101},"skip":true},"2":{"start":{"line":1,"column":101},"end":{"line":1,"column":158}},"3":{"start":{"line":1,"column":158},"end":{"line":1,"column":208}},"4":{"start":{"line":1,"column":208},"end":{"line":1,"column":297}},"5":{"start":{"line":1,"column":297},"end":{"line":1,"column":379}},"6":{"start":{"line":1,"column":379},"end":{"line":1,"column":409}},"7":{"start":{"line":1,"column":409},"end":{"line":1,"column":454}},"8":{"start":{"line":1,"column":454},"end":{"line":1,"column":492}},"9":{"start":{"line":1,"column":492},"end":{"line":1,"column":543}},"10":{"start":{"line":1,"column":543},"end":{"line":1,"column":599}},"11":{"start":{"line":1,"column":599},"end":{"line":1,"column":668}},"12":{"start":{"line":1,"column":668},"end":{"line":1,"column":708}},"13":{"start":{"line":1,"column":708},"end":{"line":1,"column":763}},"14":{"start":{"line":1,"column":763},"end":{"line":1,"column":856}},"15":{"start":{"line":1,"column":801},"end":{"line":1,"column":855}},"16":{"start":{"line":7,"column":0},"end":{"line":9,"column":62}},"17":{"start":{"line":12,"column":0},"end":{"line":42,"column":222}},"18":{"start":{"line":14,"column":80},"end":{"line":15,"column":30}},"19":{"start":{"line":15,"column":57},"end":{"line":15,"column":79}},"20":{"start":{"line":15,"column":106},"end":{"line":15,"column":132}},"21":{"start":{"line":16,"column":4},"end":{"line":16,"column":31}},"22":{"start":{"line":17,"column":4},"end":{"line":18,"column":32}},"23":{"start":{"line":20,"column":4},"end":{"line":20,"column":79}},"24":{"start":{"line":23,"column":79},"end":{"line":23,"column":96}},"25":{"start":{"line":24,"column":4},"end":{"line":24,"column":43}},"26":{"start":{"line":24,"column":31},"end":{"line":24,"column":43}},"27":{"start":{"line":25,"column":4},"end":{"line":31,"column":83}},"28":{"start":{"line":28,"column":8},"end":{"line":28,"column":50}},"29":{"start":{"line":29,"column":8},"end":{"line":31,"column":78}},"30":{"start":{"line":39,"column":55},"end":{"line":40,"column":15}},"31":{"start":{"line":40,"column":42},"end":{"line":40,"column":75}},"32":{"start":{"line":40,"column":102},"end":{"line":40,"column":125}},"33":{"start":{"line":40,"column":152},"end":{"line":40,"column":234}},"34":{"start":{"line":41,"column":4},"end":{"line":42,"column":217}},"35":{"start":{"line":47,"column":0},"end":{"line":47,"column":27}},"36":{"start":{"line":47,"column":54},"end":{"line":49,"column":5}}},"branchMap":{"1":{"line":1,"type":"cond-expr","locations":[{"start":{"line":1,"column":832},"end":{"line":1,"column":835}},{"start":{"line":1,"column":838},"end":{"line":1,"column":854}}]},"2":{"line":1,"type":"binary-expr","locations":[{"start":{"line":1,"column":808},"end":{"line":1,"column":811}},{"start":{"line":1,"column":815},"end":{"line":1,"column":829}}]},"3":{"line":20,"type":"binary-expr","locations":[{"start":{"line":20,"column":4},"end":{"line":20,"column":23}},{"start":{"line":20,"column":27},"end":{"line":20,"column":78}}]},"4":{"line":24,"type":"if","locations":[{"start":{"line":24,"column":4},"end":{"line":24,"column":4}},{"start":{"line":24,"column":4},"end":{"line":24,"column":4}}]},"5":{"line":24,"type":"binary-expr","locations":[{"start":{"line":24,"column":8},"end":{"line":24,"column":13}},{"start":{"line":24,"column":17},"end":{"line":24,"column":29}}]}},"l":{"1":12,"7":2,"12":2,"14":1,"15":1,"16":1,"17":1,"20":1,"23":28,"24":28,"25":11,"28":16,"29":16,"39":12,"40":12,"41":12,"47":2}},
"/Users/jianghai/Desktop/projects/bfd-ui/src/Tree/TreeNode.jsx":{"path":"/Users/jianghai/Desktop/projects/bfd-ui/src/Tree/TreeNode.jsx","s":{"1":2,"2":2,"3":2,"4":2,"5":2,"6":2,"7":4,"8":2,"9":2,"10":13,"11":3,"12":4,"13":1,"14":1,"15":1,"16":16,"17":16,"18":1,"19":15,"20":15,"21":15,"22":6,"23":9,"24":15,"25":2,"26":2},"b":{"1":[0,4],"2":[4,4],"3":[3,3],"4":[4,2],"5":[1,1],"6":[1,15],"7":[15,6],"8":[6,9],"9":[2,4],"10":[6,9],"11":[2,13],"12":[8,7]},"f":{"1":4,"2":13,"3":3,"4":4,"5":1,"6":16},"fnMap":{"1":{"name":"_interopRequireDefault","line":1,"loc":{"start":{"line":1,"column":271},"end":{"line":1,"column":308}}},"2":{"name":"getInitialState","line":14,"loc":{"start":{"line":14,"column":19},"end":{"line":14,"column":46}}},"3":{"name":"componentWillReceiveProps","line":20,"loc":{"start":{"line":20,"column":29},"end":{"line":20,"column":75}}},"4":{"name":"shouldComponentUpdate","line":24,"loc":{"start":{"line":24,"column":25},"end":{"line":24,"column":78}}},"5":{"name":"handleToggle","line":28,"loc":{"start":{"line":28,"column":16},"end":{"line":28,"column":40}}},"6":{"name":"render","line":34,"loc":{"start":{"line":34,"column":10},"end":{"line":34,"column":28}}}},"statementMap":{"1":{"start":{"line":1,"column":39},"end":{"line":1,"column":101},"skip":true},"2":{"start":{"line":1,"column":101},"end":{"line":1,"column":131}},"3":{"start":{"line":1,"column":131},"end":{"line":1,"column":176}},"4":{"start":{"line":1,"column":176},"end":{"line":1,"column":216}},"5":{"start":{"line":1,"column":216},"end":{"line":1,"column":271}},"6":{"start":{"line":1,"column":271},"end":{"line":1,"column":364}},"7":{"start":{"line":1,"column":309},"end":{"line":1,"column":363}},"8":{"start":{"line":4,"column":0},"end":{"line":9,"column":64}},"9":{"start":{"line":12,"column":0},"end":{"line":56,"column":33}},"10":{"start":{"line":15,"column":4},"end":{"line":16,"column":34}},"11":{"start":{"line":21,"column":4},"end":{"line":21,"column":71}},"12":{"start":{"line":25,"column":4},"end":{"line":25,"column":91}},"13":{"start":{"line":29,"column":4},"end":{"line":29,"column":36}},"14":{"start":{"line":30,"column":4},"end":{"line":30,"column":38}},"15":{"start":{"line":31,"column":4},"end":{"line":31,"column":67}},"16":{"start":{"line":35,"column":4},"end":{"line":35,"column":31}},"17":{"start":{"line":37,"column":4},"end":{"line":38,"column":37}},"18":{"start":{"line":38,"column":6},"end":{"line":38,"column":36}},"19":{"start":{"line":41,"column":4},"end":{"line":41,"column":60}},"20":{"start":{"line":42,"column":4},"end":{"line":42,"column":51}},"21":{"start":{"line":43,"column":4},"end":{"line":46,"column":21},"skip":true},"22":{"start":{"line":44,"column":6},"end":{"line":44,"column":90},"skip":true},"23":{"start":{"line":46,"column":6},"end":{"line":46,"column":20},"skip":true},"24":{"start":{"line":48,"column":4},"end":{"line":56,"column":28}},"25":{"start":{"line":62,"column":0},"end":{"line":62,"column":31}},"26":{"start":{"line":62,"column":58},"end":{"line":64,"column":9}}},"branchMap":{"1":{"line":1,"type":"cond-expr","locations":[{"start":{"line":1,"column":340},"end":{"line":1,"column":343}},{"start":{"line":1,"column":346},"end":{"line":1,"column":362}}]},"2":{"line":1,"type":"binary-expr","locations":[{"start":{"line":1,"column":316},"end":{"line":1,"column":319}},{"start":{"line":1,"column":323},"end":{"line":1,"column":337}}]},"3":{"line":21,"type":"binary-expr","locations":[{"start":{"line":21,"column":4},"end":{"line":21,"column":23}},{"start":{"line":21,"column":27},"end":{"line":21,"column":70}}]},"4":{"line":25,"type":"binary-expr","locations":[{"start":{"line":25,"column":13},"end":{"line":25,"column":47}},{"start":{"line":25,"column":51},"end":{"line":25,"column":89}}]},"5":{"line":31,"type":"binary-expr","locations":[{"start":{"line":31,"column":4},"end":{"line":31,"column":23}},{"start":{"line":31,"column":27},"end":{"line":31,"column":66}}]},"6":{"line":37,"type":"if","locations":[{"start":{"line":37,"column":4},"end":{"line":37,"column":4}},{"start":{"line":37,"column":4},"end":{"line":37,"column":4}}]},"7":{"line":41,"type":"binary-expr","locations":[{"start":{"line":41,"column":22},"end":{"line":41,"column":35}},{"start":{"line":41,"column":39},"end":{"line":41,"column":59}}]},"8":{"line":43,"type":"if","locations":[{"start":{"line":43,"column":4},"end":{"line":43,"column":4},"skip":true},{"start":{"line":43,"column":4},"end":{"line":43,"column":4},"skip":true}]},"9":{"line":44,"type":"cond-expr","locations":[{"start":{"line":44,"column":72},"end":{"line":44,"column":78},"skip":true},{"start":{"line":44,"column":81},"end":{"line":44,"column":88},"skip":true}]},"10":{"line":50,"type":"cond-expr","locations":[{"start":{"line":50,"column":109},"end":{"line":50,"column":118}},{"start":{"line":50,"column":121},"end":{"line":50,"column":129}}]},"11":{"line":51,"type":"cond-expr","locations":[{"start":{"line":51,"column":155},"end":{"line":51,"column":162}},{"start":{"line":51,"column":165},"end":{"line":51,"column":171}}]},"12":{"line":53,"type":"cond-expr","locations":[{"start":{"line":53,"column":30},"end":{"line":53,"column":63}},{"start":{"line":53,"column":66},"end":{"line":53,"column":70}}]}},"l":{"1":4,"4":2,"12":2,"15":13,"21":3,"25":4,"29":1,"30":1,"31":1,"35":16,"37":16,"38":1,"41":15,"42":15,"43":15,"44":6,"46":9,"48":15,"62":2}},
"/Users/jianghai/Desktop/projects/bfd-ui/src/Tree/SelectTree.jsx":{"path":"/Users/jianghai/Desktop/projects/bfd-ui/src/Tree/SelectTree.jsx","s":{"1":1,"2":1,"3":1,"4":1,"5":1,"6":1,"7":1,"8":1,"9":1,"10":1,"11":1,"12":1,"13":1,"14":1,"15":1,"16":6,"17":1,"18":1,"19":1,"20":1,"21":1,"22":1,"23":1,"24":1,"25":1,"26":1,"27":1,"28":0,"29":0,"30":1,"31":0,"32":1,"33":1,"34":1,"35":1,"36":1,"37":1,"38":1,"39":1,"40":1,"41":1,"42":1,"43":1,"44":1,"45":1,"46":6,"47":6,"48":6,"49":6,"50":6,"51":8,"52":8,"53":8,"54":8,"55":6,"56":1,"57":1},"b":{"1":[3,3],"2":[6,6],"3":[1,0],"4":[0,1],"5":[8,5]},"f":{"1":6,"2":1,"3":1,"4":0,"5":1,"6":1,"7":6,"8":8},"fnMap":{"1":{"name":"_interopRequireDefault","line":1,"loc":{"start":{"line":1,"column":786},"end":{"line":1,"column":823}}},"2":{"name":"handleSelect","line":15,"loc":{"start":{"line":15,"column":16},"end":{"line":15,"column":65}}},"3":{"name":"syncChildren","line":32,"loc":{"start":{"line":32,"column":16},"end":{"line":32,"column":59}}},"4":{"name":"(anonymous_4)","line":33,"loc":{"start":{"line":33,"column":33},"end":{"line":33,"column":53}}},"5":{"name":"syncParents","line":42,"loc":{"start":{"line":42,"column":15},"end":{"line":42,"column":46}}},"6":{"name":"(anonymous_6)","line":63,"loc":{"start":{"line":63,"column":49},"end":{"line":63,"column":92}}},"7":{"name":"render","line":68,"loc":{"start":{"line":68,"column":10},"end":{"line":68,"column":28}}},"8":{"name":"(anonymous_8)","line":70,"loc":{"start":{"line":70,"column":23},"end":{"line":70,"column":40}}}},"statementMap":{"1":{"start":{"line":1,"column":39},"end":{"line":1,"column":101},"skip":true},"2":{"start":{"line":1,"column":101},"end":{"line":1,"column":158}},"3":{"start":{"line":1,"column":158},"end":{"line":1,"column":208}},"4":{"start":{"line":1,"column":208},"end":{"line":1,"column":297}},"5":{"start":{"line":1,"column":297},"end":{"line":1,"column":379}},"6":{"start":{"line":1,"column":379},"end":{"line":1,"column":409}},"7":{"start":{"line":1,"column":409},"end":{"line":1,"column":454}},"8":{"start":{"line":1,"column":454},"end":{"line":1,"column":484}},"9":{"start":{"line":1,"column":484},"end":{"line":1,"column":527}},"10":{"start":{"line":1,"column":527},"end":{"line":1,"column":566}},"11":{"start":{"line":1,"column":566},"end":{"line":1,"column":622}},"12":{"start":{"line":1,"column":622},"end":{"line":1,"column":691}},"13":{"start":{"line":1,"column":691},"end":{"line":1,"column":731}},"14":{"start":{"line":1,"column":731},"end":{"line":1,"column":786}},"15":{"start":{"line":1,"column":786},"end":{"line":1,"column":879}},"16":{"start":{"line":1,"column":824},"end":{"line":1,"column":878}},"17":{"start":{"line":8,"column":0},"end":{"line":10,"column":73}},"18":{"start":{"line":13,"column":0},"end":{"line":76,"column":219}},"19":{"start":{"line":17,"column":4},"end":{"line":17,"column":24}},"20":{"start":{"line":19,"column":4},"end":{"line":19,"column":37}},"21":{"start":{"line":20,"column":4},"end":{"line":20,"column":31}},"22":{"start":{"line":21,"column":4},"end":{"line":22,"column":38}},"23":{"start":{"line":25,"column":4},"end":{"line":25,"column":48}},"24":{"start":{"line":26,"column":4},"end":{"line":26,"column":31}},"25":{"start":{"line":28,"column":4},"end":{"line":28,"column":56}},"26":{"start":{"line":32,"column":86},"end":{"line":32,"column":103}},"27":{"start":{"line":33,"column":4},"end":{"line":37,"column":81}},"28":{"start":{"line":34,"column":6},"end":{"line":35,"column":40}},"29":{"start":{"line":37,"column":32},"end":{"line":37,"column":78}},"30":{"start":{"line":44,"column":4},"end":{"line":44,"column":33}},"31":{"start":{"line":44,"column":26},"end":{"line":44,"column":33}},"32":{"start":{"line":46,"column":4},"end":{"line":46,"column":31}},"33":{"start":{"line":47,"column":4},"end":{"line":47,"column":21}},"34":{"start":{"line":48,"column":4},"end":{"line":48,"column":20}},"35":{"start":{"line":49,"column":4},"end":{"line":56,"column":35}},"36":{"start":{"line":50,"column":6},"end":{"line":50,"column":30}},"37":{"start":{"line":51,"column":6},"end":{"line":54,"column":31}},"38":{"start":{"line":56,"column":6},"end":{"line":56,"column":34}},"39":{"start":{"line":60,"column":4},"end":{"line":63,"column":131}},"40":{"start":{"line":60,"column":66},"end":{"line":61,"column":17}},"41":{"start":{"line":61,"column":44},"end":{"line":61,"column":75}},"42":{"start":{"line":61,"column":102},"end":{"line":61,"column":131}},"43":{"start":{"line":61,"column":158},"end":{"line":61,"column":189}},"44":{"start":{"line":62,"column":6},"end":{"line":63,"column":130}},"45":{"start":{"line":63,"column":93},"end":{"line":63,"column":115},"skip":true},"46":{"start":{"line":68,"column":55},"end":{"line":68,"column":73}},"47":{"start":{"line":68,"column":73},"end":{"line":69,"column":15}},"48":{"start":{"line":69,"column":42},"end":{"line":69,"column":75}},"49":{"start":{"line":69,"column":102},"end":{"line":69,"column":176}},"50":{"start":{"line":70,"column":4},"end":{"line":73,"column":270}},"51":{"start":{"line":70,"column":67},"end":{"line":71,"column":24}},"52":{"start":{"line":71,"column":51},"end":{"line":71,"column":81}},"53":{"start":{"line":71,"column":108},"end":{"line":71,"column":134}},"54":{"start":{"line":72,"column":6},"end":{"line":73,"column":268}},"55":{"start":{"line":76,"column":4},"end":{"line":76,"column":214}},"56":{"start":{"line":80,"column":0},"end":{"line":80,"column":33}},"57":{"start":{"line":80,"column":60},"end":{"line":82,"column":11}}},"branchMap":{"1":{"line":1,"type":"cond-expr","locations":[{"start":{"line":1,"column":855},"end":{"line":1,"column":858}},{"start":{"line":1,"column":861},"end":{"line":1,"column":877}}]},"2":{"line":1,"type":"binary-expr","locations":[{"start":{"line":1,"column":831},"end":{"line":1,"column":834}},{"start":{"line":1,"column":838},"end":{"line":1,"column":852}}]},"3":{"line":33,"type":"binary-expr","locations":[{"start":{"line":33,"column":4},"end":{"line":33,"column":12}},{"start":{"line":33,"column":16},"end":{"line":37,"column":80}}]},"4":{"line":44,"type":"if","locations":[{"start":{"line":44,"column":4},"end":{"line":44,"column":4}},{"start":{"line":44,"column":4},"end":{"line":44,"column":4}}]},"5":{"line":73,"type":"binary-expr","locations":[{"start":{"line":73,"column":121},"end":{"line":73,"column":133}},{"start":{"line":73,"column":137},"end":{"line":73,"column":142}}]}},"l":{"1":6,"8":1,"13":1,"17":1,"19":1,"20":1,"21":1,"25":1,"26":1,"28":1,"32":1,"33":1,"34":0,"37":0,"44":1,"46":1,"47":1,"48":1,"49":1,"50":1,"51":1,"56":1,"60":1,"61":1,"62":1,"63":1,"68":6,"69":6,"70":8,"71":8,"72":8,"76":6,"80":1}},
"/Users/jianghai/Desktop/projects/bfd-ui/src/Checkbox/index.jsx":{"path":"/Users/jianghai/Desktop/projects/bfd-ui/src/Checkbox/index.jsx","s":{"1":1,"2":1,"3":1,"4":1,"5":1,"6":1,"7":1,"8":2,"9":1,"10":1},"b":{"1":[2,0],"2":[2,2]},"f":{"1":2},"fnMap":{"1":{"name":"_interopRequireDefault","line":1,"loc":{"start":{"line":1,"column":352},"end":{"line":1,"column":389}}}},"statementMap":{"1":{"start":{"line":1,"column":39},"end":{"line":1,"column":101},"skip":true},"2":{"start":{"line":1,"column":101},"end":{"line":1,"column":154}},"3":{"start":{"line":1,"column":154},"end":{"line":1,"column":202}},"4":{"start":{"line":1,"column":202},"end":{"line":1,"column":263}},"5":{"start":{"line":1,"column":263},"end":{"line":1,"column":301}},"6":{"start":{"line":1,"column":301},"end":{"line":1,"column":352}},"7":{"start":{"line":1,"column":352},"end":{"line":1,"column":445}},"8":{"start":{"line":1,"column":390},"end":{"line":1,"column":444}},"9":{"start":{"line":1,"column":445},"end":{"line":4,"column":40}},"10":{"start":{"line":4,"column":67},"end":{"line":4,"column":105}}},"branchMap":{"1":{"line":1,"type":"cond-expr","locations":[{"start":{"line":1,"column":421},"end":{"line":1,"column":424}},{"start":{"line":1,"column":427},"end":{"line":1,"column":443}}]},"2":{"line":1,"type":"binary-expr","locations":[{"start":{"line":1,"column":397},"end":{"line":1,"column":400}},{"start":{"line":1,"column":404},"end":{"line":1,"column":418}}]}},"l":{"1":2,"4":1}},
"/Users/jianghai/Desktop/projects/bfd-ui/src/Checkbox/CheckboxGroup.jsx":{"path":"/Users/jianghai/Desktop/projects/bfd-ui/src/Checkbox/CheckboxGroup.jsx","s":{"1":1,"2":1,"3":1,"4":1,"5":1,"6":1,"7":2,"8":1,"9":0,"10":0,"11":1,"12":1,"13":0,"14":0,"15":0,"16":0,"17":0,"18":0,"19":0,"20":0,"21":0,"22":0,"23":0,"24":0,"25":0,"26":0,"27":0,"28":0,"29":1,"30":1,"31":1},"b":{"1":[1,1],"2":[2,2],"3":[0,0],"4":[0,0],"5":[0,0],"6":[0,0],"7":[0,0],"8":[0,0],"9":[0,0]},"f":{"1":2,"2":0,"3":0,"4":0,"5":0,"6":0,"7":0,"8":0},"fnMap":{"1":{"name":"_interopRequireDefault","line":1,"loc":{"start":{"line":1,"column":265},"end":{"line":1,"column":302}}},"2":{"name":"customProp","line":8,"loc":{"start":{"line":8,"column":14},"end":{"line":8,"column":41}}},"3":{"name":"getInitialState","line":22,"loc":{"start":{"line":22,"column":19},"end":{"line":22,"column":46}}},"4":{"name":"componentWillReceiveProps","line":28,"loc":{"start":{"line":28,"column":29},"end":{"line":28,"column":75}}},"5":{"name":"getChildContext","line":32,"loc":{"start":{"line":32,"column":19},"end":{"line":32,"column":46}}},"6":{"name":"setCheckboxGroupSelects","line":35,"loc":{"start":{"line":35,"column":31},"end":{"line":35,"column":104}}},"7":{"name":"render","line":47,"loc":{"start":{"line":47,"column":10},"end":{"line":47,"column":28}}},"8":{"name":"(anonymous_8)","line":51,"loc":{"start":{"line":51,"column":39},"end":{"line":51,"column":85}},"skip":true}},"statementMap":{"1":{"start":{"line":1,"column":39},"end":{"line":1,"column":101},"skip":true},"2":{"start":{"line":1,"column":101},"end":{"line":1,"column":131}},"3":{"start":{"line":1,"column":131},"end":{"line":1,"column":176}},"4":{"start":{"line":1,"column":176},"end":{"line":1,"column":214}},"5":{"start":{"line":1,"column":214},"end":{"line":1,"column":265}},"6":{"start":{"line":1,"column":265},"end":{"line":1,"column":358}},"7":{"start":{"line":1,"column":303},"end":{"line":1,"column":357}},"8":{"start":{"line":5,"column":0},"end":{"line":10,"column":91}},"9":{"start":{"line":9,"column":4},"end":{"line":10,"column":87}},"10":{"start":{"line":10,"column":6},"end":{"line":10,"column":86}},"11":{"start":{"line":15,"column":0},"end":{"line":17,"column":77}},"12":{"start":{"line":20,"column":0},"end":{"line":55,"column":128}},"13":{"start":{"line":23,"column":4},"end":{"line":24,"column":42}},"14":{"start":{"line":29,"column":4},"end":{"line":29,"column":76}},"15":{"start":{"line":32,"column":73},"end":{"line":32,"column":90}},"16":{"start":{"line":33,"column":4},"end":{"line":42,"column":118}},"17":{"start":{"line":36,"column":8},"end":{"line":36,"column":68}},"18":{"start":{"line":37,"column":8},"end":{"line":40,"column":53}},"19":{"start":{"line":38,"column":10},"end":{"line":38,"column":30}},"20":{"start":{"line":40,"column":10},"end":{"line":40,"column":52}},"21":{"start":{"line":42,"column":34},"end":{"line":42,"column":114}},"22":{"start":{"line":47,"column":55},"end":{"line":47,"column":73}},"23":{"start":{"line":48,"column":4},"end":{"line":48,"column":55}},"24":{"start":{"line":49,"column":4},"end":{"line":53,"column":38},"skip":true},"25":{"start":{"line":51,"column":6},"end":{"line":51,"column":263},"skip":true},"26":{"start":{"line":51,"column":86},"end":{"line":51,"column":260},"skip":true},"27":{"start":{"line":53,"column":6},"end":{"line":53,"column":37},"skip":true},"28":{"start":{"line":55,"column":4},"end":{"line":55,"column":123}},"29":{"start":{"line":59,"column":0},"end":{"line":59,"column":36}},"30":{"start":{"line":60,"column":0},"end":{"line":60,"column":52}},"31":{"start":{"line":60,"column":79},"end":{"line":62,"column":14}}},"branchMap":{"1":{"line":1,"type":"cond-expr","locations":[{"start":{"line":1,"column":334},"end":{"line":1,"column":337}},{"start":{"line":1,"column":340},"end":{"line":1,"column":356}}]},"2":{"line":1,"type":"binary-expr","locations":[{"start":{"line":1,"column":310},"end":{"line":1,"column":313}},{"start":{"line":1,"column":317},"end":{"line":1,"column":331}}]},"3":{"line":9,"type":"if","locations":[{"start":{"line":9,"column":4},"end":{"line":9,"column":4}},{"start":{"line":9,"column":4},"end":{"line":9,"column":4}}]},"4":{"line":9,"type":"binary-expr","locations":[{"start":{"line":9,"column":8},"end":{"line":9,"column":21}},{"start":{"line":9,"column":25},"end":{"line":9,"column":40}}]},"5":{"line":24,"type":"binary-expr","locations":[{"start":{"line":24,"column":15},"end":{"line":24,"column":33}},{"start":{"line":24,"column":37},"end":{"line":24,"column":39}}]},"6":{"line":29,"type":"binary-expr","locations":[{"start":{"line":29,"column":4},"end":{"line":29,"column":26}},{"start":{"line":29,"column":30},"end":{"line":29,"column":75}}]},"7":{"line":37,"type":"if","locations":[{"start":{"line":37,"column":8},"end":{"line":37,"column":8}},{"start":{"line":37,"column":8},"end":{"line":37,"column":8}}]},"8":{"line":42,"type":"binary-expr","locations":[{"start":{"line":42,"column":34},"end":{"line":42,"column":54}},{"start":{"line":42,"column":84},"end":{"line":42,"column":113}}]},"9":{"line":49,"type":"if","locations":[{"start":{"line":49,"column":4},"end":{"line":49,"column":4},"skip":true},{"start":{"line":49,"column":4},"end":{"line":49,"column":4},"skip":true}]}},"l":{"1":2,"5":1,"9":0,"10":0,"15":1,"20":1,"23":0,"29":0,"32":0,"33":0,"36":0,"37":0,"38":0,"40":0,"42":0,"47":0,"48":0,"49":1,"51":1,"53":1,"55":0,"59":1,"60":1}},
"/Users/jianghai/Desktop/projects/bfd-ui/src/Checkbox/Checkbox.jsx":{"path":"/Users/jianghai/Desktop/projects/bfd-ui/src/Checkbox/Checkbox.jsx","s":{"1":1,"2":1,"3":1,"4":1,"5":1,"6":1,"7":1,"8":1,"9":1,"10":1,"11":4,"12":1,"13":1,"14":1,"15":8,"16":8,"17":8,"18":8,"19":8,"20":8,"21":0,"22":0,"23":0,"24":0,"25":0,"26":8,"27":1,"28":1,"29":1},"b":{"1":[2,2],"2":[4,4],"3":[0,8],"4":[0,0],"5":[0,8]},"f":{"1":4,"2":8,"3":0},"fnMap":{"1":{"name":"_interopRequireDefault","line":1,"loc":{"start":{"line":1,"column":549},"end":{"line":1,"column":586}}},"2":{"name":"render","line":16,"loc":{"start":{"line":16,"column":10},"end":{"line":16,"column":28}}},"3":{"name":"(anonymous_3)","line":27,"loc":{"start":{"line":27,"column":23},"end":{"line":27,"column":36}}}},"statementMap":{"1":{"start":{"line":1,"column":39},"end":{"line":1,"column":101},"skip":true},"2":{"start":{"line":1,"column":101},"end":{"line":1,"column":158}},"3":{"start":{"line":1,"column":158},"end":{"line":1,"column":208}},"4":{"start":{"line":1,"column":208},"end":{"line":1,"column":297}},"5":{"start":{"line":1,"column":297},"end":{"line":1,"column":379}},"6":{"start":{"line":1,"column":379},"end":{"line":1,"column":409}},"7":{"start":{"line":1,"column":409},"end":{"line":1,"column":454}},"8":{"start":{"line":1,"column":454},"end":{"line":1,"column":494}},"9":{"start":{"line":1,"column":494},"end":{"line":1,"column":549}},"10":{"start":{"line":1,"column":549},"end":{"line":1,"column":642}},"11":{"start":{"line":1,"column":587},"end":{"line":1,"column":641}},"12":{"start":{"line":5,"column":0},"end":{"line":6,"column":59}},"13":{"start":{"line":9,"column":0},"end":{"line":11,"column":77}},"14":{"start":{"line":14,"column":0},"end":{"line":37,"column":112}},"15":{"start":{"line":16,"column":55},"end":{"line":16,"column":72}},"16":{"start":{"line":16,"column":72},"end":{"line":17,"column":15}},"17":{"start":{"line":17,"column":42},"end":{"line":17,"column":73}},"18":{"start":{"line":17,"column":100},"end":{"line":17,"column":125}},"19":{"start":{"line":17,"column":152},"end":{"line":17,"column":234}},"20":{"start":{"line":19,"column":4},"end":{"line":28,"column":109}},"21":{"start":{"line":22,"column":6},"end":{"line":22,"column":54}},"22":{"start":{"line":23,"column":6},"end":{"line":24,"column":64}},"23":{"start":{"line":24,"column":8},"end":{"line":24,"column":63}},"24":{"start":{"line":27,"column":6},"end":{"line":28,"column":108}},"25":{"start":{"line":28,"column":34},"end":{"line":28,"column":106}},"26":{"start":{"line":32,"column":4},"end":{"line":37,"column":107}},"27":{"start":{"line":44,"column":0},"end":{"line":44,"column":31}},"28":{"start":{"line":45,"column":0},"end":{"line":45,"column":37}},"29":{"start":{"line":45,"column":64},"end":{"line":47,"column":9}}},"branchMap":{"1":{"line":1,"type":"cond-expr","locations":[{"start":{"line":1,"column":618},"end":{"line":1,"column":621}},{"start":{"line":1,"column":624},"end":{"line":1,"column":640}}]},"2":{"line":1,"type":"binary-expr","locations":[{"start":{"line":1,"column":594},"end":{"line":1,"column":597}},{"start":{"line":1,"column":601},"end":{"line":1,"column":615}}]},"3":{"line":19,"type":"if","locations":[{"start":{"line":19,"column":4},"end":{"line":19,"column":4}},{"start":{"line":19,"column":4},"end":{"line":19,"column":4}}]},"4":{"line":23,"type":"if","locations":[{"start":{"line":23,"column":6},"end":{"line":23,"column":6}},{"start":{"line":23,"column":6},"end":{"line":23,"column":6}}]},"5":{"line":37,"type":"cond-expr","locations":[{"start":{"line":37,"column":43},"end":{"line":37,"column":96}},{"start":{"line":37,"column":99},"end":{"line":37,"column":103}}]}},"l":{"1":4,"5":1,"9":1,"14":1,"16":8,"17":8,"19":8,"22":0,"23":0,"24":0,"27":0,"28":0,"32":8,"44":1,"45":1}}}
