TN:
SF:/Users/jianghai/Desktop/projects/bfd-ui/src/ClearableInput/index.jsx
FN:1,_interopRequireDefault
FN:11,customProp
FN:20,getInitialState
FN:26,handleClear
FN:31,handleChange
FN:38,render
FNF:6
FNH:6
FNDA:4,_interopRequireDefault
FNDA:18,customProp
FNDA:9,getInitialState
FNDA:1,handleClear
FNDA:1,handleChange
FNDA:10,render
DA:1,4
DA:5,1
DA:11,18
DA:12,18
DA:13,0
DA:18,1
DA:21,9
DA:27,1
DA:28,1
DA:32,1
DA:33,1
DA:34,1
DA:35,1
DA:38,10
DA:39,10
DA:40,10
DA:41,10
DA:50,1
LF:18
LH:17
BRDA:1,1,0,2
BRDA:1,1,1,2
BRDA:1,2,0,4
BRDA:1,2,1,4
BRDA:12,3,0,0
BRDA:12,3,1,0
BRDA:12,4,0,18
BRDA:12,4,1,0
BRDA:27,5,0,1
BRDA:27,5,1,0
BRDA:28,6,0,1
BRDA:28,6,1,1
BRDA:34,7,0,1
BRDA:34,7,1,1
BRDA:35,8,0,1
BRDA:35,8,1,1
BRDA:40,9,0,10
BRDA:40,9,1,8
BRDA:43,10,0,1
BRDA:43,10,1,9
BRDA:44,11,0,3
BRDA:44,11,1,7
BRF:22
BRH:18
end_of_record
TN:
SF:/Users/jianghai/Desktop/projects/bfd-ui/src/Modal/Modal.jsx
FN:1,_interopRequireDefault
FN:10,(anonymous_2)
FN:36,getInitialState
FN:42,getChildContext
FN:48,componentWillReceiveProps
FN:52,componentWillUpdate
FN:62,(anonymous_7)
FN:73,handleModalClick
FN:77,handleDialogClick
FN:81,open
FN:85,close
FN:90,render
FNF:12
FNH:5
FNDA:5,_interopRequireDefault
FNDA:1,(anonymous_2)
FNDA:3,getInitialState
FNDA:3,getChildContext
FNDA:0,componentWillReceiveProps
FNDA:0,componentWillUpdate
FNDA:0,(anonymous_7)
FNDA:0,handleModalClick
FNDA:0,handleDialogClick
FNDA:0,open
FNDA:0,close
FNDA:3,render
DA:1,5
DA:10,1
DA:11,1
DA:12,1
DA:14,1
DA:15,1
DA:16,1
DA:17,1
DA:19,1
DA:23,1
DA:28,1
DA:35,1
DA:37,3
DA:43,3
DA:49,0
DA:52,0
DA:53,0
DA:54,0
DA:55,0
DA:57,0
DA:58,0
DA:59,0
DA:60,0
DA:62,0
DA:63,0
DA:64,0
DA:65,0
DA:67,0
DA:74,0
DA:78,0
DA:82,0
DA:86,0
DA:87,0
DA:90,3
DA:91,3
DA:92,3
DA:111,1
DA:112,1
LF:38
LH:19
BRDA:1,1,0,2
BRDA:1,1,1,3
BRDA:1,2,0,5
BRDA:1,2,1,5
BRDA:49,3,0,0
BRDA:49,3,1,0
BRDA:55,4,0,0
BRDA:55,4,1,0
BRDA:57,5,0,0
BRDA:57,5,1,0
BRDA:58,6,0,0
BRDA:58,6,1,0
BRDA:64,7,0,0
BRDA:64,7,1,0
BRDA:87,8,0,0
BRDA:87,8,1,0
BRDA:94,9,0,3
BRDA:94,9,1,0
BRF:18
BRH:5
end_of_record
TN:
SF:/Users/jianghai/Desktop/projects/bfd-ui/src/DatePicker/DatePicker.jsx
FN:1,_interopRequireDefault
FN:15,customProp
FN:24,getInitialState
FN:30,handleSelect
FN:36,render
FNF:5
FNH:4
FNDA:5,_interopRequireDefault
FNDA:6,customProp
FNDA:3,getInitialState
FNDA:0,handleSelect
FNDA:3,render
DA:1,5
DA:8,1
DA:10,1
DA:15,6
DA:16,6
DA:17,0
DA:22,1
DA:25,3
DA:31,0
DA:32,0
DA:33,0
DA:36,3
DA:37,3
DA:38,3
DA:39,3
DA:52,1
LF:16
LH:12
BRDA:1,1,0,3
BRDA:1,1,1,2
BRDA:1,2,0,5
BRDA:1,2,1,5
BRDA:16,3,0,0
BRDA:16,3,1,6
BRDA:16,4,0,6
BRDA:16,4,1,0
BRDA:25,5,0,0
BRDA:25,5,1,3
BRDA:31,6,0,0
BRDA:31,6,1,0
BRDA:33,7,0,0
BRDA:33,7,1,0
BRDA:38,8,0,3
BRDA:38,8,1,3
BRF:16
BRH:9
end_of_record
TN:
SF:/Users/jianghai/Desktop/projects/bfd-ui/src/DatePicker/Calendar.jsx
FN:1,_interopRequireDefault
FN:23,getInitialState
FN:46,handleToggle
FN:62,handleDaySelect
FN:74,disabledComparer
FN:78,(anonymous_6)
FN:83,(anonymous_7)
FN:90,getDateClassNames
FN:116,getDates
FN:161,render
FN:179,(anonymous_11)
FN:182,(anonymous_12)
FN:184,(anonymous_13)
FNF:13
FNH:10
FNDA:4,_interopRequireDefault
FNDA:3,getInitialState
FNDA:0,handleToggle
FNDA:0,handleDaySelect
FNDA:3,disabledComparer
FNDA:0,(anonymous_6)
FNDA:105,(anonymous_7)
FNDA:105,getDateClassNames
FNDA:3,getDates
FNDA:3,render
FNDA:21,(anonymous_11)
FNDA:15,(anonymous_12)
FNDA:105,(anonymous_13)
DA:1,4
DA:10,1
DA:24,3
DA:25,3
DA:26,3
DA:27,3
DA:28,3
DA:47,0
DA:48,0
DA:49,0
DA:50,0
DA:54,0
DA:55,0
DA:62,0
DA:63,0
DA:64,0
DA:71,0
DA:75,3
DA:76,3
DA:77,3
DA:78,0
DA:79,0
DA:80,0
DA:83,105
DA:91,105
DA:93,105
DA:94,105
DA:96,1
DA:97,1
DA:100,105
DA:101,105
DA:103,105
DA:117,3
DA:118,3
DA:121,3
DA:122,3
DA:123,3
DA:124,3
DA:125,3
DA:126,3
DA:127,15
DA:137,3
DA:138,3
DA:139,3
DA:140,90
DA:148,3
DA:149,3
DA:150,3
DA:151,0
DA:158,3
DA:161,3
DA:162,3
DA:163,3
DA:164,3
DA:179,21
DA:183,15
DA:185,105
DA:186,105
DA:187,105
LF:59
LH:45
BRDA:1,1,0,1
BRDA:1,1,1,3
BRDA:1,2,0,4
BRDA:1,2,1,4
BRDA:24,3,0,3
BRDA:24,3,1,0
BRDA:48,4,0,0
BRDA:48,4,1,0
BRDA:71,5,0,0
BRDA:71,5,1,0
BRDA:75,6,0,3
BRDA:75,6,1,0
BRDA:76,7,0,3
BRDA:76,7,1,0
BRDA:77,8,0,0
BRDA:77,8,1,3
BRDA:77,9,0,3
BRDA:77,9,1,3
BRDA:80,10,0,0
BRDA:80,10,1,0
BRDA:94,11,0,0
BRDA:94,11,1,105
BRDA:108,12,0,105
BRDA:108,12,1,102
BRDA:108,12,2,102
BRDA:109,13,0,105
BRDA:109,13,1,0
BRDA:123,14,0,3
BRDA:123,14,1,0
BRF:29
BRH:17
end_of_record
TN:
SF:/Users/jianghai/Desktop/projects/bfd-ui/src/DatePicker/getTimestrap.js
FN:4,(anonymous_1)
FNF:1
FNH:0
FNDA:0,(anonymous_1)
DA:1,1
DA:3,1
DA:5,0
DA:6,0
DA:7,0
LF:5
LH:2
BRDA:5,1,0,0
BRDA:5,1,1,0
BRDA:6,2,0,0
BRDA:6,2,1,0
BRF:4
BRH:0
end_of_record
TN:
SF:/Users/jianghai/Desktop/projects/bfd-ui/src/Dropdown/index.jsx
FN:1,_interopRequireDefault
FNF:1
FNH:1
FNDA:3,_interopRequireDefault
DA:1,3
DA:5,1
LF:2
LH:2
BRDA:1,1,0,3
BRDA:1,1,1,0
BRDA:1,2,0,3
BRDA:1,2,1,3
BRF:4
BRH:3
end_of_record
TN:
SF:/Users/jianghai/Desktop/projects/bfd-ui/src/Dropdown/Dropdown.jsx
FN:1,_interopRequireDefault
FN:20,getInitialState
FN:26,getChildContext
FN:32,open
FN:36,close
FN:40,handleToggle
FN:44,(anonymous_7)
FN:53,handleBodyClick
FN:57,stopPropagation
FN:61,componentDidMount
FN:66,componentWillUnmount
FN:71,render
FNF:12
FNH:5
FNDA:4,_interopRequireDefault
FNDA:3,getInitialState
FNDA:3,getChildContext
FNDA:0,open
FNDA:0,close
FNDA:0,handleToggle
FNDA:0,(anonymous_7)
FNDA:0,handleBodyClick
FNDA:0,stopPropagation
FNDA:3,componentDidMount
FNDA:0,componentWillUnmount
FNDA:3,render
DA:1,4
DA:7,1
DA:11,1
DA:15,1
DA:21,3
DA:27,3
DA:33,0
DA:37,0
DA:40,0
DA:41,0
DA:42,0
DA:43,0
DA:44,0
DA:45,0
DA:47,0
DA:54,0
DA:58,0
DA:62,3
DA:63,3
DA:67,0
DA:68,0
DA:71,3
DA:72,3
DA:73,3
DA:79,1
DA:80,1
LF:26
LH:13
BRDA:1,1,0,2
BRDA:1,1,1,2
BRDA:1,2,0,4
BRDA:1,2,1,4
BRDA:41,3,0,0
BRDA:41,3,1,0
BRDA:42,4,0,0
BRDA:42,4,1,0
BRDA:43,5,0,0
BRDA:43,5,1,0
BRDA:45,6,0,0
BRDA:45,6,1,0
BRF:12
BRH:4
end_of_record
TN:
SF:/Users/jianghai/Desktop/projects/bfd-ui/src/Dropdown/DropdownToggle.jsx
FN:1,_interopRequireDefault
FN:10,DropdownToggle
FNF:2
FNH:2
FNDA:1,_interopRequireDefault
FNDA:3,DropdownToggle
DA:1,1
DA:6,1
DA:10,1
DA:11,3
DA:14,1
LF:5
LH:5
BRDA:1,1,0,0
BRDA:1,1,1,1
BRDA:1,2,0,1
BRDA:1,2,1,1
BRF:4
BRH:3
end_of_record
TN:
SF:/Users/jianghai/Desktop/projects/bfd-ui/src/Dropdown/DropdownMenu.jsx
FN:1,_interopRequireDefault
FN:7,DropdownMenu
FNF:2
FNH:2
FNDA:1,_interopRequireDefault
FNDA:3,DropdownMenu
DA:1,1
DA:7,1
DA:8,3
DA:10,1
LF:4
LH:4
BRDA:1,1,0,0
BRDA:1,1,1,1
BRDA:1,2,0,1
BRDA:1,2,1,1
BRF:4
BRH:3
end_of_record
TN:
SF:/Users/jianghai/Desktop/projects/bfd-ui/src/Tree/Tree.jsx
FN:1,_interopRequireDefault
FN:14,handleToggle
FN:23,loopData
FN:27,(anonymous_4)
FN:39,render
FNF:5
FNH:5
FNDA:12,_interopRequireDefault
FNDA:1,handleToggle
FNDA:28,loopData
FNDA:16,(anonymous_4)
FNDA:12,render
DA:1,12
DA:7,2
DA:12,2
DA:14,1
DA:15,1
DA:16,1
DA:17,1
DA:20,1
DA:23,28
DA:24,28
DA:25,11
DA:28,16
DA:29,16
DA:39,12
DA:40,12
DA:41,12
DA:47,2
LF:17
LH:17
BRDA:1,1,0,6
BRDA:1,1,1,6
BRDA:1,2,0,12
BRDA:1,2,1,12
BRDA:20,3,0,1
BRDA:20,3,1,1
BRDA:24,4,0,17
BRDA:24,4,1,11
BRDA:24,5,0,28
BRDA:24,5,1,17
BRF:10
BRH:10
end_of_record
TN:
SF:/Users/jianghai/Desktop/projects/bfd-ui/src/Tree/TreeNode.jsx
FN:1,_interopRequireDefault
FN:14,getInitialState
FN:20,componentWillReceiveProps
FN:24,shouldComponentUpdate
FN:28,handleToggle
FN:34,render
FNF:6
FNH:6
FNDA:4,_interopRequireDefault
FNDA:13,getInitialState
FNDA:3,componentWillReceiveProps
FNDA:4,shouldComponentUpdate
FNDA:1,handleToggle
FNDA:16,render
DA:1,4
DA:4,2
DA:12,2
DA:15,13
DA:21,3
DA:25,4
DA:29,1
DA:30,1
DA:31,1
DA:35,16
DA:37,16
DA:38,1
DA:41,15
DA:42,15
DA:43,15
DA:44,6
DA:46,9
DA:48,15
DA:62,2
LF:19
LH:19
BRDA:1,1,0,0
BRDA:1,1,1,4
BRDA:1,2,0,4
BRDA:1,2,1,4
BRDA:21,3,0,3
BRDA:21,3,1,3
BRDA:25,4,0,4
BRDA:25,4,1,2
BRDA:31,5,0,1
BRDA:31,5,1,1
BRDA:37,6,0,1
BRDA:37,6,1,15
BRDA:41,7,0,15
BRDA:41,7,1,6
BRDA:43,8,0,6
BRDA:43,8,1,9
BRDA:44,9,0,2
BRDA:44,9,1,4
BRDA:50,10,0,6
BRDA:50,10,1,9
BRDA:51,11,0,2
BRDA:51,11,1,13
BRDA:53,12,0,8
BRDA:53,12,1,7
BRF:24
BRH:23
end_of_record
TN:
SF:/Users/jianghai/Desktop/projects/bfd-ui/src/Tree/SelectTree.jsx
FN:1,_interopRequireDefault
FN:15,handleSelect
FN:32,syncChildren
FN:33,(anonymous_4)
FN:42,syncParents
FN:63,(anonymous_6)
FN:68,render
FN:70,(anonymous_8)
FNF:8
FNH:7
FNDA:6,_interopRequireDefault
FNDA:1,handleSelect
FNDA:1,syncChildren
FNDA:0,(anonymous_4)
FNDA:1,syncParents
FNDA:1,(anonymous_6)
FNDA:6,render
FNDA:8,(anonymous_8)
DA:1,6
DA:8,1
DA:13,1
DA:17,1
DA:19,1
DA:20,1
DA:21,1
DA:25,1
DA:26,1
DA:28,1
DA:32,1
DA:33,1
DA:34,0
DA:37,0
DA:44,1
DA:46,1
DA:47,1
DA:48,1
DA:49,1
DA:50,1
DA:51,1
DA:56,1
DA:60,1
DA:61,1
DA:62,1
DA:63,1
DA:68,6
DA:69,6
DA:70,8
DA:71,8
DA:72,8
DA:76,6
DA:80,1
LF:33
LH:31
BRDA:1,1,0,3
BRDA:1,1,1,3
BRDA:1,2,0,6
BRDA:1,2,1,6
BRDA:33,3,0,1
BRDA:33,3,1,0
BRDA:44,4,0,0
BRDA:44,4,1,1
BRDA:73,5,0,8
BRDA:73,5,1,5
BRF:10
BRH:8
end_of_record
TN:
SF:/Users/jianghai/Desktop/projects/bfd-ui/src/Checkbox/index.jsx
FN:1,_interopRequireDefault
FNF:1
FNH:1
FNDA:2,_interopRequireDefault
DA:1,2
DA:4,1
LF:2
LH:2
BRDA:1,1,0,2
BRDA:1,1,1,0
BRDA:1,2,0,2
BRDA:1,2,1,2
BRF:4
BRH:3
end_of_record
TN:
SF:/Users/jianghai/Desktop/projects/bfd-ui/src/Checkbox/CheckboxGroup.jsx
FN:1,_interopRequireDefault
FN:8,customProp
FN:22,getInitialState
FN:28,componentWillReceiveProps
FN:32,getChildContext
FN:35,setCheckboxGroupSelects
FN:47,render
FN:51,(anonymous_8)
FNF:8
FNH:2
FNDA:2,_interopRequireDefault
FNDA:0,customProp
FNDA:0,getInitialState
FNDA:0,componentWillReceiveProps
FNDA:0,getChildContext
FNDA:0,setCheckboxGroupSelects
FNDA:0,render
FNDA:0,(anonymous_8)
DA:1,2
DA:5,1
DA:9,0
DA:10,0
DA:15,1
DA:20,1
DA:23,0
DA:29,0
DA:32,0
DA:33,0
DA:36,0
DA:37,0
DA:38,0
DA:40,0
DA:42,0
DA:47,0
DA:48,0
DA:49,1
DA:51,1
DA:53,1
DA:55,0
DA:59,1
DA:60,1
LF:23
LH:9
BRDA:1,1,0,1
BRDA:1,1,1,1
BRDA:1,2,0,2
BRDA:1,2,1,2
BRDA:9,3,0,0
BRDA:9,3,1,0
BRDA:9,4,0,0
BRDA:9,4,1,0
BRDA:24,5,0,0
BRDA:24,5,1,0
BRDA:29,6,0,0
BRDA:29,6,1,0
BRDA:37,7,0,0
BRDA:37,7,1,0
BRDA:42,8,0,0
BRDA:42,8,1,0
BRDA:49,9,0,0
BRDA:49,9,1,0
BRF:18
BRH:6
end_of_record
TN:
SF:/Users/jianghai/Desktop/projects/bfd-ui/src/Checkbox/Checkbox.jsx
FN:1,_interopRequireDefault
FN:16,render
FN:27,(anonymous_3)
FNF:3
FNH:2
FNDA:4,_interopRequireDefault
FNDA:8,render
FNDA:0,(anonymous_3)
DA:1,4
DA:5,1
DA:9,1
DA:14,1
DA:16,8
DA:17,8
DA:19,8
DA:22,0
DA:23,0
DA:24,0
DA:27,0
DA:28,0
DA:32,8
DA:44,1
DA:45,1
LF:15
LH:10
BRDA:1,1,0,2
BRDA:1,1,1,2
BRDA:1,2,0,4
BRDA:1,2,1,4
BRDA:19,3,0,0
BRDA:19,3,1,8
BRDA:23,4,0,0
BRDA:23,4,1,0
BRDA:37,5,0,0
BRDA:37,5,1,8
BRF:10
BRH:6
end_of_record
